{"uid":"1597ec0b2929d0c7","name":"Успешное добавление товара в корзину","fullName":"web.tests.test_cart.TestCartPage#test_add_to_cart","historyId":"372d59ffd5d2f5632326fe25ddd3e2b9","time":{"start":1711123334824,"stop":1711123335960,"duration":1136},"status":"failed","statusMessage":"AssertionError: Товар не добавлен в корзину\nassert '1' == '2'\n  \n  - 2\n  + 1","statusTrace":"self = <web.tests.test_cart.TestCartPage object at 0x000001FDE5BDB250>, chrome_driver = <selenium.webdriver.chrome.webdriver.WebDriver (session=\"bd2c5fb8e8000d1df0a773f4c48f38a5\")>\n\n    @allure.title(\"Успешное добавление товара в корзину\")\n    def test_add_to_cart(self, chrome_driver):\n        login_page = LoginPage(chrome_driver)\n        product_page = ProductPage(chrome_driver)\n        login_page.go_to_site()\n        login_page.login(Config.USERNAME, Config.PASSWORD)\n        product_page.add_product_to_cart()\n        try:\n>           assert (\n                product_page.find_element(\n                    (\"xpath\", \"//span[@class='shopping_cart_badge']\")\n                ).text\n                == \"2\"\n            ), \"Товар не добавлен в корзину\"\nE           AssertionError: Товар не добавлен в корзину\nE           assert '1' == '2'\nE             \nE             - 2\nE             + 1\n\nweb\\tests\\test_cart.py:21: AssertionError\n\nDuring handling of the above exception, another exception occurred:\n\nself = <web.tests.test_cart.TestCartPage object at 0x000001FDE5BDB250>, chrome_driver = <selenium.webdriver.chrome.webdriver.WebDriver (session=\"bd2c5fb8e8000d1df0a773f4c48f38a5\")>\n\n    @allure.title(\"Успешное добавление товара в корзину\")\n    def test_add_to_cart(self, chrome_driver):\n        login_page = LoginPage(chrome_driver)\n        product_page = ProductPage(chrome_driver)\n        login_page.go_to_site()\n        login_page.login(Config.USERNAME, Config.PASSWORD)\n        product_page.add_product_to_cart()\n        try:\n            assert (\n                product_page.find_element(\n                    (\"xpath\", \"//span[@class='shopping_cart_badge']\")\n                ).text\n                == \"2\"\n            ), \"Товар не добавлен в корзину\"\n            chrome_driver.execute_script(\"window.localStorage.clear();\")\n        except AssertionError as e:\n            chrome_driver.execute_script(\"window.localStorage.clear();\")\n>           self.handle_assertion_error(chrome_driver, e)\n\nweb\\tests\\test_cart.py:30: \n_ _ _ _ _ _ _ _ _ _ _ _ _ _ _ _ _ _ _ _ _ _ _ _ _ _ _ _ _ _ _ _ _ _ _ _ _ _ _ _ _ _ _ _ _ _ _ _ _ _ _ _ _ _ _ _ _ _ _ _ _ _ _ _ _ _ _ _ _ _ _ _ _ _ _ _ _ _ _ _ _ _ _ _ _ _ _ _ _ _ _ _ _ _ _ _ _ _ _ _ _ _ _ _ _ _ _ _ _ _ _ _ _ _ _ _ _ _ _ _ _ _ _ _ _ _ _ _ _ _\n\nself = <web.tests.test_cart.TestCartPage object at 0x000001FDE5BDB250>, chrome_driver = <selenium.webdriver.chrome.webdriver.WebDriver (session=\"bd2c5fb8e8000d1df0a773f4c48f38a5\")>\nerror_message = AssertionError(\"Товар не добавлен в корзину\\nassert '1' == '2'\\n  \\n  - 2\\n  + 1\")\n\n    def handle_assertion_error(self, chrome_driver, error_message):\n        with allure.step(\"Поймали ошибку\"):\n            allure.attach(\n                chrome_driver.get_screenshot_as_png(),\n                name=\"screenshot.png\",\n                attachment_type=allure.attachment_type.PNG,\n            )\n>           raise AssertionError(error_message)\nE           AssertionError: Товар не добавлен в корзину\nE           assert '1' == '2'\nE             \nE             - 2\nE             + 1\n\nweb\\tests\\manager_test.py:14: AssertionError","flaky":false,"newFailed":false,"newBroken":false,"newPassed":false,"retriesCount":0,"retriesStatusChange":false,"beforeStages":[{"name":"chrome_driver","time":{"start":1711123333569,"stop":1711123334824,"duration":1255},"status":"passed","steps":[],"attachments":[],"parameters":[],"shouldDisplayMessage":false,"stepsCount":0,"attachmentsCount":0,"hasContent":false}],"testStage":{"status":"failed","statusMessage":"AssertionError: Товар не добавлен в корзину\nassert '1' == '2'\n  \n  - 2\n  + 1","statusTrace":"self = <web.tests.test_cart.TestCartPage object at 0x000001FDE5BDB250>, chrome_driver = <selenium.webdriver.chrome.webdriver.WebDriver (session=\"bd2c5fb8e8000d1df0a773f4c48f38a5\")>\n\n    @allure.title(\"Успешное добавление товара в корзину\")\n    def test_add_to_cart(self, chrome_driver):\n        login_page = LoginPage(chrome_driver)\n        product_page = ProductPage(chrome_driver)\n        login_page.go_to_site()\n        login_page.login(Config.USERNAME, Config.PASSWORD)\n        product_page.add_product_to_cart()\n        try:\n>           assert (\n                product_page.find_element(\n                    (\"xpath\", \"//span[@class='shopping_cart_badge']\")\n                ).text\n                == \"2\"\n            ), \"Товар не добавлен в корзину\"\nE           AssertionError: Товар не добавлен в корзину\nE           assert '1' == '2'\nE             \nE             - 2\nE             + 1\n\nweb\\tests\\test_cart.py:21: AssertionError\n\nDuring handling of the above exception, another exception occurred:\n\nself = <web.tests.test_cart.TestCartPage object at 0x000001FDE5BDB250>, chrome_driver = <selenium.webdriver.chrome.webdriver.WebDriver (session=\"bd2c5fb8e8000d1df0a773f4c48f38a5\")>\n\n    @allure.title(\"Успешное добавление товара в корзину\")\n    def test_add_to_cart(self, chrome_driver):\n        login_page = LoginPage(chrome_driver)\n        product_page = ProductPage(chrome_driver)\n        login_page.go_to_site()\n        login_page.login(Config.USERNAME, Config.PASSWORD)\n        product_page.add_product_to_cart()\n        try:\n            assert (\n                product_page.find_element(\n                    (\"xpath\", \"//span[@class='shopping_cart_badge']\")\n                ).text\n                == \"2\"\n            ), \"Товар не добавлен в корзину\"\n            chrome_driver.execute_script(\"window.localStorage.clear();\")\n        except AssertionError as e:\n            chrome_driver.execute_script(\"window.localStorage.clear();\")\n>           self.handle_assertion_error(chrome_driver, e)\n\nweb\\tests\\test_cart.py:30: \n_ _ _ _ _ _ _ _ _ _ _ _ _ _ _ _ _ _ _ _ _ _ _ _ _ _ _ _ _ _ _ _ _ _ _ _ _ _ _ _ _ _ _ _ _ _ _ _ _ _ _ _ _ _ _ _ _ _ _ _ _ _ _ _ _ _ _ _ _ _ _ _ _ _ _ _ _ _ _ _ _ _ _ _ _ _ _ _ _ _ _ _ _ _ _ _ _ _ _ _ _ _ _ _ _ _ _ _ _ _ _ _ _ _ _ _ _ _ _ _ _ _ _ _ _ _ _ _ _ _\n\nself = <web.tests.test_cart.TestCartPage object at 0x000001FDE5BDB250>, chrome_driver = <selenium.webdriver.chrome.webdriver.WebDriver (session=\"bd2c5fb8e8000d1df0a773f4c48f38a5\")>\nerror_message = AssertionError(\"Товар не добавлен в корзину\\nassert '1' == '2'\\n  \\n  - 2\\n  + 1\")\n\n    def handle_assertion_error(self, chrome_driver, error_message):\n        with allure.step(\"Поймали ошибку\"):\n            allure.attach(\n                chrome_driver.get_screenshot_as_png(),\n                name=\"screenshot.png\",\n                attachment_type=allure.attachment_type.PNG,\n            )\n>           raise AssertionError(error_message)\nE           AssertionError: Товар не добавлен в корзину\nE           assert '1' == '2'\nE             \nE             - 2\nE             + 1\n\nweb\\tests\\manager_test.py:14: AssertionError","steps":[{"name":"Ввод имени пользователя: standard_user","time":{"start":1711123335571,"stop":1711123335626,"duration":55},"status":"passed","steps":[{"name":"Click on ('xpath', \"//input[@id='user-name']\")","time":{"start":1711123335571,"stop":1711123335579,"duration":8},"status":"passed","steps":[],"attachments":[],"parameters":[],"shouldDisplayMessage":false,"stepsCount":0,"attachmentsCount":0,"hasContent":false}],"attachments":[],"parameters":[],"shouldDisplayMessage":false,"stepsCount":1,"attachmentsCount":0,"hasContent":true},{"name":"Ввод пароля: secret_sauce","time":{"start":1711123335626,"stop":1711123335670,"duration":44},"status":"passed","steps":[{"name":"Click on ('xpath', \"//input[@id='password']\")","time":{"start":1711123335626,"stop":1711123335634,"duration":8},"status":"passed","steps":[],"attachments":[],"parameters":[],"shouldDisplayMessage":false,"stepsCount":0,"attachmentsCount":0,"hasContent":false}],"attachments":[],"parameters":[],"shouldDisplayMessage":false,"stepsCount":1,"attachmentsCount":0,"hasContent":true},{"name":"Нажатие кнопки входа","time":{"start":1711123335670,"stop":1711123335734,"duration":64},"status":"passed","steps":[{"name":"Click on ('xpath', \"//input[@id='login-button']\")","time":{"start":1711123335670,"stop":1711123335679,"duration":9},"status":"passed","steps":[],"attachments":[],"parameters":[],"shouldDisplayMessage":false,"stepsCount":0,"attachmentsCount":0,"hasContent":false}],"attachments":[],"parameters":[],"shouldDisplayMessage":false,"stepsCount":1,"attachmentsCount":0,"hasContent":true},{"name":"Добавляем товар в корзину","time":{"start":1711123335734,"stop":1711123335767,"duration":33},"status":"passed","steps":[{"name":"Click on ('xpath', \"(//button[text()='Add to cart'])[1]\")","time":{"start":1711123335734,"stop":1711123335742,"duration":8},"status":"passed","steps":[],"attachments":[],"parameters":[],"shouldDisplayMessage":false,"stepsCount":0,"attachmentsCount":0,"hasContent":false}],"attachments":[],"parameters":[],"shouldDisplayMessage":false,"stepsCount":1,"attachmentsCount":0,"hasContent":true},{"name":"Click on ('xpath', \"//span[@class='shopping_cart_badge']\")","time":{"start":1711123335767,"stop":1711123335775,"duration":8},"status":"passed","steps":[],"attachments":[],"parameters":[],"shouldDisplayMessage":false,"stepsCount":0,"attachmentsCount":0,"hasContent":false},{"name":"Поймали ошибку","time":{"start":1711123335788,"stop":1711123335960,"duration":172},"status":"failed","statusMessage":"AssertionError: Товар не добавлен в корзину\nassert '1' == '2'\n  \n  - 2\n  + 1\n","statusTrace":"  File \"C:\\Dev\\python_selenium\\web\\tests\\manager_test.py\", line 14, in handle_assertion_error\n    raise AssertionError(error_message)\n","steps":[],"attachments":[{"uid":"2616d726816df2b8","name":"screenshot.png","source":"2616d726816df2b8.png","type":"image/png","size":161911}],"parameters":[],"shouldDisplayMessage":true,"stepsCount":0,"attachmentsCount":1,"hasContent":true}],"attachments":[],"parameters":[],"shouldDisplayMessage":true,"stepsCount":10,"attachmentsCount":1,"hasContent":true},"afterStages":[{"name":"chrome_driver::0","time":{"start":1711123336682,"stop":1711123338772,"duration":2090},"status":"passed","steps":[],"attachments":[],"parameters":[],"shouldDisplayMessage":false,"stepsCount":0,"attachmentsCount":0,"hasContent":false}],"labels":[{"name":"feature","value":"Работа с корзиной"},{"name":"suite","value":"Работа с корзиной"},{"name":"tag","value":"@pytest.mark.usefixtures('chrome_driver')"},{"name":"parentSuite","value":"web.tests"},{"name":"subSuite","value":"TestCartPage"},{"name":"host","value":"DESKTOP-AMCLGNE"},{"name":"thread","value":"26208-MainThread"},{"name":"framework","value":"pytest"},{"name":"language","value":"cpython3"},{"name":"package","value":"web.tests.test_cart"},{"name":"resultFormat","value":"allure2"}],"parameters":[],"links":[],"hidden":true,"retry":true,"extra":{"categories":[],"tags":["@pytest.mark.usefixtures('chrome_driver')"]},"source":"1597ec0b2929d0c7.json","parameterValues":[]}