{"uid":"3811694df9a02ac","name":"Оформление заказа","fullName":"web.tests.test_order.TestOrderSuite#test_create_order","historyId":"2e6e863207c15db41853f1b7f468f5ac","time":{"start":1711126315955,"stop":1711126321175,"duration":5220},"status":"broken","statusMessage":"selenium.common.exceptions.InvalidSelectorException: Message: invalid selector: Unable to locate an element with the xpath expression //button[@name='checkout' because of the following error:\nSyntaxError: Failed to execute 'evaluate' on 'Document': The string '//button[@name='checkout'' is not a valid XPath expression.\n  (Session info: chrome=122.0.6261.131); For documentation on this error, please visit: https://www.selenium.dev/documentation/webdriver/troubleshooting/errors#invalid-selector-exception\nStacktrace:\n\tGetHandleVerifier [0x00007FF609A3AD02+56930]\n\t(No symbol) [0x00007FF6099AF602]\n\t(No symbol) [0x00007FF6098642E5]\n\t(No symbol) [0x00007FF609869261]\n\t(No symbol) [0x00007FF60986B6EB]\n\t(No symbol) [0x00007FF60986B7B0]\n\t(No symbol) [0x00007FF6098A955C]\n\t(No symbol) [0x00007FF6098A9A2C]\n\t(No symbol) [0x00007FF6098EA967]\n\t(No symbol) [0x00007FF6098CBCDF]\n\t(No symbol) [0x00007FF6098E81E2]\n\t(No symbol) [0x00007FF6098CBA43]\n\t(No symbol) [0x00007FF60989D438]\n\t(No symbol) [0x00007FF60989E4D1]\n\tGetHandleVerifier [0x00007FF609DB6F8D+3711213]\n\tGetHandleVerifier [0x00007FF609E104CD+4077101]\n\tGetHandleVerifier [0x00007FF609E0865F+4044735]\n\tGetHandleVerifier [0x00007FF609AD9736+706710]\n\t(No symbol) [0x00007FF6099BB8DF]\n\t(No symbol) [0x00007FF6099B6AC4]\n\t(No symbol) [0x00007FF6099B6C1C]\n\t(No symbol) [0x00007FF6099A68D4]\n\tBaseThreadInitThunk [0x00007FFA4D737344+20]\n\tRtlUserThreadStart [0x00007FFA4E9A26B1+33]","statusTrace":"self = <web.tests.test_order.TestOrderSuite object at 0x000001C0E3836B50>, chrome_driver = <selenium.webdriver.chrome.webdriver.WebDriver (session=\"729921be87f0fdd7c9da6d49bd915414\")>\n\n    @allure.title(\"Оформление заказа\")\n    def test_create_order(self, chrome_driver):\n        excepted_url = \"https://www.saucedemo.com/checkout-complete.html\"\n        login_page = LoginPage(chrome_driver)\n        product_page = ProductPage(chrome_driver)\n        cart_page = CartPage(chrome_driver)\n        order_page = OrderPage(chrome_driver)\n        login_page.go_to_site()\n        login_page.login(Config.USERNAME, Config.PASSWORD)\n        product_page.add_product_to_cart()\n        product_page.go_to_cart()\n        time.sleep(5)\n>       cart_page.click_checkout()\n\nweb\\tests\\test_order.py:25: \n_ _ _ _ _ _ _ _ _ _ _ _ _ _ _ _ _ _ _ _ _ _ _ _ _ _ _ _ _ _ _ _ _ _ _ _ _ _ _ _ _ _ _ _ _ _ _ _ _ _ _ _ _ _ _ _ _ _ _ _ _ _ _ _ _ _ _ _ _ _ _ _ _ _ _ _ _ _ _ _ _ _ _ _ _ _ _ _ _ _ _ _ _ _ _ _ _ _ _ _ _ _ _ _ _ _ _ _ _ _ _ _ _ _ _ _ _ _ _ _ _ _ _ _ _ _ _ _ _ _\nweb\\pages\\cart_page.py:11: in click_checkout\n    self.find_element(CartLocator.CHECKOUT_BUTTON).click()\nweb\\pages\\base_page.py:14: in find_element\n    return WebDriverWait(self.driver, time).until(\n.venv\\Lib\\site-packages\\selenium\\webdriver\\support\\wait.py:96: in until\n    value = method(self._driver)\n.venv\\Lib\\site-packages\\selenium\\webdriver\\support\\expected_conditions.py:84: in _predicate\n    return driver.find_element(*locator)\n.venv\\Lib\\site-packages\\selenium\\webdriver\\remote\\webdriver.py:741: in find_element\n    return self.execute(Command.FIND_ELEMENT, {\"using\": by, \"value\": value})[\"value\"]\n.venv\\Lib\\site-packages\\selenium\\webdriver\\remote\\webdriver.py:347: in execute\n    self.error_handler.check_response(response)\n_ _ _ _ _ _ _ _ _ _ _ _ _ _ _ _ _ _ _ _ _ _ _ _ _ _ _ _ _ _ _ _ _ _ _ _ _ _ _ _ _ _ _ _ _ _ _ _ _ _ _ _ _ _ _ _ _ _ _ _ _ _ _ _ _ _ _ _ _ _ _ _ _ _ _ _ _ _ _ _ _ _ _ _ _ _ _ _ _ _ _ _ _ _ _ _ _ _ _ _ _ _ _ _ _ _ _ _ _ _ _ _ _ _ _ _ _ _ _ _ _ _ _ _ _ _ _ _ _ _\n\nself = <selenium.webdriver.remote.errorhandler.ErrorHandler object at 0x000001C0E2BE94D0>\nresponse = {'status': 400, 'value': '{\"value\":{\"error\":\"invalid selector\",\"message\":\"invalid selector: Unable to locate an elemen...07FF6099A68D4]\\\\n\\\\tBaseThreadInitThunk [0x00007FFA4D737344+20]\\\\n\\\\tRtlUserThreadStart [0x00007FFA4E9A26B1+33]\\\\n\"}}'}\n\n    def check_response(self, response: Dict[str, Any]) -> None:\n        \"\"\"Checks that a JSON response from the WebDriver does not have an\n        error.\n    \n        :Args:\n         - response - The JSON response from the WebDriver server as a dictionary\n           object.\n    \n        :Raises: If the response contains an error message.\n        \"\"\"\n        status = response.get(\"status\", None)\n        if not status or status == ErrorCode.SUCCESS:\n            return\n        value = None\n        message = response.get(\"message\", \"\")\n        screen: str = response.get(\"screen\", \"\")\n        stacktrace = None\n        if isinstance(status, int):\n            value_json = response.get(\"value\", None)\n            if value_json and isinstance(value_json, str):\n                import json\n    \n                try:\n                    value = json.loads(value_json)\n                    if len(value) == 1:\n                        value = value[\"value\"]\n                    status = value.get(\"error\", None)\n                    if not status:\n                        status = value.get(\"status\", ErrorCode.UNKNOWN_ERROR)\n                        message = value.get(\"value\") or value.get(\"message\")\n                        if not isinstance(message, str):\n                            value = message\n                            message = message.get(\"message\")\n                    else:\n                        message = value.get(\"message\", None)\n                except ValueError:\n                    pass\n    \n        exception_class: Type[WebDriverException]\n        e = ErrorCode()\n        error_codes = [item for item in dir(e) if not item.startswith(\"__\")]\n        for error_code in error_codes:\n            error_info = getattr(ErrorCode, error_code)\n            if isinstance(error_info, list) and status in error_info:\n                exception_class = getattr(ExceptionMapping, error_code, WebDriverException)\n                break\n        else:\n            exception_class = WebDriverException\n    \n        if not value:\n            value = response[\"value\"]\n        if isinstance(value, str):\n            raise exception_class(value)\n        if message == \"\" and \"message\" in value:\n            message = value[\"message\"]\n    \n        screen = None  # type: ignore[assignment]\n        if \"screen\" in value:\n            screen = value[\"screen\"]\n    \n        stacktrace = None\n        st_value = value.get(\"stackTrace\") or value.get(\"stacktrace\")\n        if st_value:\n            if isinstance(st_value, str):\n                stacktrace = st_value.split(\"\\n\")\n            else:\n                stacktrace = []\n                try:\n                    for frame in st_value:\n                        line = frame.get(\"lineNumber\", \"\")\n                        file = frame.get(\"fileName\", \"<anonymous>\")\n                        if line:\n                            file = f\"{file}:{line}\"\n                        meth = frame.get(\"methodName\", \"<anonymous>\")\n                        if \"className\" in frame:\n                            meth = f\"{frame['className']}.{meth}\"\n                        msg = \"    at %s (%s)\"\n                        msg = msg % (meth, file)\n                        stacktrace.append(msg)\n                except TypeError:\n                    pass\n        if exception_class == UnexpectedAlertPresentException:\n            alert_text = None\n            if \"data\" in value:\n                alert_text = value[\"data\"].get(\"text\")\n            elif \"alert\" in value:\n                alert_text = value[\"alert\"].get(\"text\")\n            raise exception_class(message, screen, stacktrace, alert_text)  # type: ignore[call-arg]  # mypy is not smart enough here\n>       raise exception_class(message, screen, stacktrace)\nE       selenium.common.exceptions.InvalidSelectorException: Message: invalid selector: Unable to locate an element with the xpath expression //button[@name='checkout' because of the following error:\nE       SyntaxError: Failed to execute 'evaluate' on 'Document': The string '//button[@name='checkout'' is not a valid XPath expression.\nE         (Session info: chrome=122.0.6261.131); For documentation on this error, please visit: https://www.selenium.dev/documentation/webdriver/troubleshooting/errors#invalid-selector-exception\nE       Stacktrace:\nE       \tGetHandleVerifier [0x00007FF609A3AD02+56930]\nE       \t(No symbol) [0x00007FF6099AF602]\nE       \t(No symbol) [0x00007FF6098642E5]\nE       \t(No symbol) [0x00007FF609869261]\nE       \t(No symbol) [0x00007FF60986B6EB]\nE       \t(No symbol) [0x00007FF60986B7B0]\nE       \t(No symbol) [0x00007FF6098A955C]\nE       \t(No symbol) [0x00007FF6098A9A2C]\nE       \t(No symbol) [0x00007FF6098EA967]\nE       \t(No symbol) [0x00007FF6098CBCDF]\nE       \t(No symbol) [0x00007FF6098E81E2]\nE       \t(No symbol) [0x00007FF6098CBA43]\nE       \t(No symbol) [0x00007FF60989D438]\nE       \t(No symbol) [0x00007FF60989E4D1]\nE       \tGetHandleVerifier [0x00007FF609DB6F8D+3711213]\nE       \tGetHandleVerifier [0x00007FF609E104CD+4077101]\nE       \tGetHandleVerifier [0x00007FF609E0865F+4044735]\nE       \tGetHandleVerifier [0x00007FF609AD9736+706710]\nE       \t(No symbol) [0x00007FF6099BB8DF]\nE       \t(No symbol) [0x00007FF6099B6AC4]\nE       \t(No symbol) [0x00007FF6099B6C1C]\nE       \t(No symbol) [0x00007FF6099A68D4]\nE       \tBaseThreadInitThunk [0x00007FFA4D737344+20]\nE       \tRtlUserThreadStart [0x00007FFA4E9A26B1+33]\n\n.venv\\Lib\\site-packages\\selenium\\webdriver\\remote\\errorhandler.py:229: InvalidSelectorException","flaky":false,"newFailed":false,"newBroken":false,"newPassed":false,"retriesCount":0,"retriesStatusChange":false,"beforeStages":[{"name":"chrome_driver","time":{"start":1711126312987,"stop":1711126314307,"duration":1320},"status":"passed","steps":[],"attachments":[],"parameters":[],"shouldDisplayMessage":false,"stepsCount":0,"attachmentsCount":0,"hasContent":false}],"testStage":{"status":"broken","statusMessage":"selenium.common.exceptions.InvalidSelectorException: Message: invalid selector: Unable to locate an element with the xpath expression //button[@name='checkout' because of the following error:\nSyntaxError: Failed to execute 'evaluate' on 'Document': The string '//button[@name='checkout'' is not a valid XPath expression.\n  (Session info: chrome=122.0.6261.131); For documentation on this error, please visit: https://www.selenium.dev/documentation/webdriver/troubleshooting/errors#invalid-selector-exception\nStacktrace:\n\tGetHandleVerifier [0x00007FF609A3AD02+56930]\n\t(No symbol) [0x00007FF6099AF602]\n\t(No symbol) [0x00007FF6098642E5]\n\t(No symbol) [0x00007FF609869261]\n\t(No symbol) [0x00007FF60986B6EB]\n\t(No symbol) [0x00007FF60986B7B0]\n\t(No symbol) [0x00007FF6098A955C]\n\t(No symbol) [0x00007FF6098A9A2C]\n\t(No symbol) [0x00007FF6098EA967]\n\t(No symbol) [0x00007FF6098CBCDF]\n\t(No symbol) [0x00007FF6098E81E2]\n\t(No symbol) [0x00007FF6098CBA43]\n\t(No symbol) [0x00007FF60989D438]\n\t(No symbol) [0x00007FF60989E4D1]\n\tGetHandleVerifier [0x00007FF609DB6F8D+3711213]\n\tGetHandleVerifier [0x00007FF609E104CD+4077101]\n\tGetHandleVerifier [0x00007FF609E0865F+4044735]\n\tGetHandleVerifier [0x00007FF609AD9736+706710]\n\t(No symbol) [0x00007FF6099BB8DF]\n\t(No symbol) [0x00007FF6099B6AC4]\n\t(No symbol) [0x00007FF6099B6C1C]\n\t(No symbol) [0x00007FF6099A68D4]\n\tBaseThreadInitThunk [0x00007FFA4D737344+20]\n\tRtlUserThreadStart [0x00007FFA4E9A26B1+33]","statusTrace":"self = <web.tests.test_order.TestOrderSuite object at 0x000001C0E3836B50>, chrome_driver = <selenium.webdriver.chrome.webdriver.WebDriver (session=\"729921be87f0fdd7c9da6d49bd915414\")>\n\n    @allure.title(\"Оформление заказа\")\n    def test_create_order(self, chrome_driver):\n        excepted_url = \"https://www.saucedemo.com/checkout-complete.html\"\n        login_page = LoginPage(chrome_driver)\n        product_page = ProductPage(chrome_driver)\n        cart_page = CartPage(chrome_driver)\n        order_page = OrderPage(chrome_driver)\n        login_page.go_to_site()\n        login_page.login(Config.USERNAME, Config.PASSWORD)\n        product_page.add_product_to_cart()\n        product_page.go_to_cart()\n        time.sleep(5)\n>       cart_page.click_checkout()\n\nweb\\tests\\test_order.py:25: \n_ _ _ _ _ _ _ _ _ _ _ _ _ _ _ _ _ _ _ _ _ _ _ _ _ _ _ _ _ _ _ _ _ _ _ _ _ _ _ _ _ _ _ _ _ _ _ _ _ _ _ _ _ _ _ _ _ _ _ _ _ _ _ _ _ _ _ _ _ _ _ _ _ _ _ _ _ _ _ _ _ _ _ _ _ _ _ _ _ _ _ _ _ _ _ _ _ _ _ _ _ _ _ _ _ _ _ _ _ _ _ _ _ _ _ _ _ _ _ _ _ _ _ _ _ _ _ _ _ _\nweb\\pages\\cart_page.py:11: in click_checkout\n    self.find_element(CartLocator.CHECKOUT_BUTTON).click()\nweb\\pages\\base_page.py:14: in find_element\n    return WebDriverWait(self.driver, time).until(\n.venv\\Lib\\site-packages\\selenium\\webdriver\\support\\wait.py:96: in until\n    value = method(self._driver)\n.venv\\Lib\\site-packages\\selenium\\webdriver\\support\\expected_conditions.py:84: in _predicate\n    return driver.find_element(*locator)\n.venv\\Lib\\site-packages\\selenium\\webdriver\\remote\\webdriver.py:741: in find_element\n    return self.execute(Command.FIND_ELEMENT, {\"using\": by, \"value\": value})[\"value\"]\n.venv\\Lib\\site-packages\\selenium\\webdriver\\remote\\webdriver.py:347: in execute\n    self.error_handler.check_response(response)\n_ _ _ _ _ _ _ _ _ _ _ _ _ _ _ _ _ _ _ _ _ _ _ _ _ _ _ _ _ _ _ _ _ _ _ _ _ _ _ _ _ _ _ _ _ _ _ _ _ _ _ _ _ _ _ _ _ _ _ _ _ _ _ _ _ _ _ _ _ _ _ _ _ _ _ _ _ _ _ _ _ _ _ _ _ _ _ _ _ _ _ _ _ _ _ _ _ _ _ _ _ _ _ _ _ _ _ _ _ _ _ _ _ _ _ _ _ _ _ _ _ _ _ _ _ _ _ _ _ _\n\nself = <selenium.webdriver.remote.errorhandler.ErrorHandler object at 0x000001C0E2BE94D0>\nresponse = {'status': 400, 'value': '{\"value\":{\"error\":\"invalid selector\",\"message\":\"invalid selector: Unable to locate an elemen...07FF6099A68D4]\\\\n\\\\tBaseThreadInitThunk [0x00007FFA4D737344+20]\\\\n\\\\tRtlUserThreadStart [0x00007FFA4E9A26B1+33]\\\\n\"}}'}\n\n    def check_response(self, response: Dict[str, Any]) -> None:\n        \"\"\"Checks that a JSON response from the WebDriver does not have an\n        error.\n    \n        :Args:\n         - response - The JSON response from the WebDriver server as a dictionary\n           object.\n    \n        :Raises: If the response contains an error message.\n        \"\"\"\n        status = response.get(\"status\", None)\n        if not status or status == ErrorCode.SUCCESS:\n            return\n        value = None\n        message = response.get(\"message\", \"\")\n        screen: str = response.get(\"screen\", \"\")\n        stacktrace = None\n        if isinstance(status, int):\n            value_json = response.get(\"value\", None)\n            if value_json and isinstance(value_json, str):\n                import json\n    \n                try:\n                    value = json.loads(value_json)\n                    if len(value) == 1:\n                        value = value[\"value\"]\n                    status = value.get(\"error\", None)\n                    if not status:\n                        status = value.get(\"status\", ErrorCode.UNKNOWN_ERROR)\n                        message = value.get(\"value\") or value.get(\"message\")\n                        if not isinstance(message, str):\n                            value = message\n                            message = message.get(\"message\")\n                    else:\n                        message = value.get(\"message\", None)\n                except ValueError:\n                    pass\n    \n        exception_class: Type[WebDriverException]\n        e = ErrorCode()\n        error_codes = [item for item in dir(e) if not item.startswith(\"__\")]\n        for error_code in error_codes:\n            error_info = getattr(ErrorCode, error_code)\n            if isinstance(error_info, list) and status in error_info:\n                exception_class = getattr(ExceptionMapping, error_code, WebDriverException)\n                break\n        else:\n            exception_class = WebDriverException\n    \n        if not value:\n            value = response[\"value\"]\n        if isinstance(value, str):\n            raise exception_class(value)\n        if message == \"\" and \"message\" in value:\n            message = value[\"message\"]\n    \n        screen = None  # type: ignore[assignment]\n        if \"screen\" in value:\n            screen = value[\"screen\"]\n    \n        stacktrace = None\n        st_value = value.get(\"stackTrace\") or value.get(\"stacktrace\")\n        if st_value:\n            if isinstance(st_value, str):\n                stacktrace = st_value.split(\"\\n\")\n            else:\n                stacktrace = []\n                try:\n                    for frame in st_value:\n                        line = frame.get(\"lineNumber\", \"\")\n                        file = frame.get(\"fileName\", \"<anonymous>\")\n                        if line:\n                            file = f\"{file}:{line}\"\n                        meth = frame.get(\"methodName\", \"<anonymous>\")\n                        if \"className\" in frame:\n                            meth = f\"{frame['className']}.{meth}\"\n                        msg = \"    at %s (%s)\"\n                        msg = msg % (meth, file)\n                        stacktrace.append(msg)\n                except TypeError:\n                    pass\n        if exception_class == UnexpectedAlertPresentException:\n            alert_text = None\n            if \"data\" in value:\n                alert_text = value[\"data\"].get(\"text\")\n            elif \"alert\" in value:\n                alert_text = value[\"alert\"].get(\"text\")\n            raise exception_class(message, screen, stacktrace, alert_text)  # type: ignore[call-arg]  # mypy is not smart enough here\n>       raise exception_class(message, screen, stacktrace)\nE       selenium.common.exceptions.InvalidSelectorException: Message: invalid selector: Unable to locate an element with the xpath expression //button[@name='checkout' because of the following error:\nE       SyntaxError: Failed to execute 'evaluate' on 'Document': The string '//button[@name='checkout'' is not a valid XPath expression.\nE         (Session info: chrome=122.0.6261.131); For documentation on this error, please visit: https://www.selenium.dev/documentation/webdriver/troubleshooting/errors#invalid-selector-exception\nE       Stacktrace:\nE       \tGetHandleVerifier [0x00007FF609A3AD02+56930]\nE       \t(No symbol) [0x00007FF6099AF602]\nE       \t(No symbol) [0x00007FF6098642E5]\nE       \t(No symbol) [0x00007FF609869261]\nE       \t(No symbol) [0x00007FF60986B6EB]\nE       \t(No symbol) [0x00007FF60986B7B0]\nE       \t(No symbol) [0x00007FF6098A955C]\nE       \t(No symbol) [0x00007FF6098A9A2C]\nE       \t(No symbol) [0x00007FF6098EA967]\nE       \t(No symbol) [0x00007FF6098CBCDF]\nE       \t(No symbol) [0x00007FF6098E81E2]\nE       \t(No symbol) [0x00007FF6098CBA43]\nE       \t(No symbol) [0x00007FF60989D438]\nE       \t(No symbol) [0x00007FF60989E4D1]\nE       \tGetHandleVerifier [0x00007FF609DB6F8D+3711213]\nE       \tGetHandleVerifier [0x00007FF609E104CD+4077101]\nE       \tGetHandleVerifier [0x00007FF609E0865F+4044735]\nE       \tGetHandleVerifier [0x00007FF609AD9736+706710]\nE       \t(No symbol) [0x00007FF6099BB8DF]\nE       \t(No symbol) [0x00007FF6099B6AC4]\nE       \t(No symbol) [0x00007FF6099B6C1C]\nE       \t(No symbol) [0x00007FF6099A68D4]\nE       \tBaseThreadInitThunk [0x00007FFA4D737344+20]\nE       \tRtlUserThreadStart [0x00007FFA4E9A26B1+33]\n\n.venv\\Lib\\site-packages\\selenium\\webdriver\\remote\\errorhandler.py:229: InvalidSelectorException","steps":[{"name":"Ввод имени пользователя: standard_user","time":{"start":1711126315975,"stop":1711126316014,"duration":39},"status":"passed","steps":[{"name":"Click on ('xpath', \"//input[@id='user-name']\")","time":{"start":1711126315975,"stop":1711126315982,"duration":7},"status":"passed","steps":[],"attachments":[],"parameters":[],"shouldDisplayMessage":false,"stepsCount":0,"attachmentsCount":0,"hasContent":false}],"attachments":[],"parameters":[],"shouldDisplayMessage":false,"stepsCount":1,"attachmentsCount":0,"hasContent":true},{"name":"Ввод пароля: secret_sauce","time":{"start":1711126316014,"stop":1711126316050,"duration":36},"status":"passed","steps":[{"name":"Click on ('xpath', \"//input[@id='password']\")","time":{"start":1711126316014,"stop":1711126316018,"duration":4},"status":"passed","steps":[],"attachments":[],"parameters":[],"shouldDisplayMessage":false,"stepsCount":0,"attachmentsCount":0,"hasContent":false}],"attachments":[],"parameters":[],"shouldDisplayMessage":false,"stepsCount":1,"attachmentsCount":0,"hasContent":true},{"name":"Нажатие кнопки входа","time":{"start":1711126316050,"stop":1711126316088,"duration":38},"status":"passed","steps":[{"name":"Click on ('xpath', \"//input[@id='login-button']\")","time":{"start":1711126316050,"stop":1711126316056,"duration":6},"status":"passed","steps":[],"attachments":[],"parameters":[],"shouldDisplayMessage":false,"stepsCount":0,"attachmentsCount":0,"hasContent":false}],"attachments":[],"parameters":[],"shouldDisplayMessage":false,"stepsCount":1,"attachmentsCount":0,"hasContent":true},{"name":"Добавляем товар в корзину","time":{"start":1711126316088,"stop":1711126316114,"duration":26},"status":"passed","steps":[{"name":"Click on ('xpath', \"(//button[text()='Add to cart'])[1]\")","time":{"start":1711126316088,"stop":1711126316093,"duration":5},"status":"passed","steps":[],"attachments":[],"parameters":[],"shouldDisplayMessage":false,"stepsCount":0,"attachmentsCount":0,"hasContent":false}],"attachments":[],"parameters":[],"shouldDisplayMessage":false,"stepsCount":1,"attachmentsCount":0,"hasContent":true},{"name":"Переходим в корзину","time":{"start":1711126316114,"stop":1711126316150,"duration":36},"status":"passed","steps":[{"name":"Click on ('xpath', \"//a[@class='shopping_cart_link']\")","time":{"start":1711126316114,"stop":1711126316122,"duration":8},"status":"passed","steps":[],"attachments":[],"parameters":[],"shouldDisplayMessage":false,"stepsCount":0,"attachmentsCount":0,"hasContent":false}],"attachments":[],"parameters":[],"shouldDisplayMessage":false,"stepsCount":1,"attachmentsCount":0,"hasContent":true},{"name":"Переходим к оформлению заказа","time":{"start":1711126321151,"stop":1711126321174,"duration":23},"status":"broken","statusMessage":"selenium.common.exceptions.InvalidSelectorException: Message: invalid selector: Unable to locate an element with the xpath expression //button[@name='checkout' because of the following error:\nSyntaxError: Failed to execute 'evaluate' on 'Document': The string '//button[@name='checkout'' is not a valid XPath expression.\n  (Session info: chrome=122.0.6261.131); For documentation on this error, please visit: https://www.selenium.dev/documentation/webdriver/troubleshooting/errors#invalid-selector-exception\nStacktrace:\n\tGetHandleVerifier [0x00007FF609A3AD02+56930]\n\t(No symbol) [0x00007FF6099AF602]\n\t(No symbol) [0x00007FF6098642E5]\n\t(No symbol) [0x00007FF609869261]\n\t(No symbol) [0x00007FF60986B6EB]\n\t(No symbol) [0x00007FF60986B7B0]\n\t(No symbol) [0x00007FF6098A955C]\n\t(No symbol) [0x00007FF6098A9A2C]\n\t(No symbol) [0x00007FF6098EA967]\n\t(No symbol) [0x00007FF6098CBCDF]\n\t(No symbol) [0x00007FF6098E81E2]\n\t(No symbol) [0x00007FF6098CBA43]\n\t(No symbol) [0x00007FF60989D438]\n\t(No symbol) [0x00007FF60989E4D1]\n\tGetHandleVerifier [0x00007FF609DB6F8D+3711213]\n\tGetHandleVerifier [0x00007FF609E104CD+4077101]\n\tGetHandleVerifier [0x00007FF609E0865F+4044735]\n\tGetHandleVerifier [0x00007FF609AD9736+706710]\n\t(No symbol) [0x00007FF6099BB8DF]\n\t(No symbol) [0x00007FF6099B6AC4]\n\t(No symbol) [0x00007FF6099B6C1C]\n\t(No symbol) [0x00007FF6099A68D4]\n\tBaseThreadInitThunk [0x00007FFA4D737344+20]\n\tRtlUserThreadStart [0x00007FFA4E9A26B1+33]\n\n","statusTrace":"  File \"C:\\Dev\\python_selenium\\web\\pages\\cart_page.py\", line 11, in click_checkout\n    self.find_element(CartLocator.CHECKOUT_BUTTON).click()\n    ^^^^^^^^^^^^^^^^^^^^^^^^^^^^^^^^^^^^^^^^^^^^^^\n  File \"C:\\Dev\\python_selenium\\web\\pages\\base_page.py\", line 14, in find_element\n    return WebDriverWait(self.driver, time).until(\n           ^^^^^^^^^^^^^^^^^^^^^^^^^^^^^^^^^^^^^^^\n  File \"C:\\Dev\\python_selenium\\.venv\\Lib\\site-packages\\selenium\\webdriver\\support\\wait.py\", line 96, in until\n    value = method(self._driver)\n            ^^^^^^^^^^^^^^^^^^^^\n  File \"C:\\Dev\\python_selenium\\.venv\\Lib\\site-packages\\selenium\\webdriver\\support\\expected_conditions.py\", line 84, in _predicate\n    return driver.find_element(*locator)\n           ^^^^^^^^^^^^^^^^^^^^^^^^^^^^^\n  File \"C:\\Dev\\python_selenium\\.venv\\Lib\\site-packages\\selenium\\webdriver\\remote\\webdriver.py\", line 741, in find_element\n    return self.execute(Command.FIND_ELEMENT, {\"using\": by, \"value\": value})[\"value\"]\n           ^^^^^^^^^^^^^^^^^^^^^^^^^^^^^^^^^^^^^^^^^^^^^^^^^^^^^^^^^^^^^^^^^\n  File \"C:\\Dev\\python_selenium\\.venv\\Lib\\site-packages\\selenium\\webdriver\\remote\\webdriver.py\", line 347, in execute\n    self.error_handler.check_response(response)\n  File \"C:\\Dev\\python_selenium\\.venv\\Lib\\site-packages\\selenium\\webdriver\\remote\\errorhandler.py\", line 229, in check_response\n    raise exception_class(message, screen, stacktrace)\n","steps":[{"name":"Click on ('xpath', \"//button[@name='checkout'\")","time":{"start":1711126321151,"stop":1711126321172,"duration":21},"status":"broken","statusMessage":"selenium.common.exceptions.InvalidSelectorException: Message: invalid selector: Unable to locate an element with the xpath expression //button[@name='checkout' because of the following error:\nSyntaxError: Failed to execute 'evaluate' on 'Document': The string '//button[@name='checkout'' is not a valid XPath expression.\n  (Session info: chrome=122.0.6261.131); For documentation on this error, please visit: https://www.selenium.dev/documentation/webdriver/troubleshooting/errors#invalid-selector-exception\nStacktrace:\n\tGetHandleVerifier [0x00007FF609A3AD02+56930]\n\t(No symbol) [0x00007FF6099AF602]\n\t(No symbol) [0x00007FF6098642E5]\n\t(No symbol) [0x00007FF609869261]\n\t(No symbol) [0x00007FF60986B6EB]\n\t(No symbol) [0x00007FF60986B7B0]\n\t(No symbol) [0x00007FF6098A955C]\n\t(No symbol) [0x00007FF6098A9A2C]\n\t(No symbol) [0x00007FF6098EA967]\n\t(No symbol) [0x00007FF6098CBCDF]\n\t(No symbol) [0x00007FF6098E81E2]\n\t(No symbol) [0x00007FF6098CBA43]\n\t(No symbol) [0x00007FF60989D438]\n\t(No symbol) [0x00007FF60989E4D1]\n\tGetHandleVerifier [0x00007FF609DB6F8D+3711213]\n\tGetHandleVerifier [0x00007FF609E104CD+4077101]\n\tGetHandleVerifier [0x00007FF609E0865F+4044735]\n\tGetHandleVerifier [0x00007FF609AD9736+706710]\n\t(No symbol) [0x00007FF6099BB8DF]\n\t(No symbol) [0x00007FF6099B6AC4]\n\t(No symbol) [0x00007FF6099B6C1C]\n\t(No symbol) [0x00007FF6099A68D4]\n\tBaseThreadInitThunk [0x00007FFA4D737344+20]\n\tRtlUserThreadStart [0x00007FFA4E9A26B1+33]\n\n","statusTrace":"  File \"C:\\Dev\\python_selenium\\web\\pages\\base_page.py\", line 14, in find_element\n    return WebDriverWait(self.driver, time).until(\n           ^^^^^^^^^^^^^^^^^^^^^^^^^^^^^^^^^^^^^^^\n  File \"C:\\Dev\\python_selenium\\.venv\\Lib\\site-packages\\selenium\\webdriver\\support\\wait.py\", line 96, in until\n    value = method(self._driver)\n            ^^^^^^^^^^^^^^^^^^^^\n  File \"C:\\Dev\\python_selenium\\.venv\\Lib\\site-packages\\selenium\\webdriver\\support\\expected_conditions.py\", line 84, in _predicate\n    return driver.find_element(*locator)\n           ^^^^^^^^^^^^^^^^^^^^^^^^^^^^^\n  File \"C:\\Dev\\python_selenium\\.venv\\Lib\\site-packages\\selenium\\webdriver\\remote\\webdriver.py\", line 741, in find_element\n    return self.execute(Command.FIND_ELEMENT, {\"using\": by, \"value\": value})[\"value\"]\n           ^^^^^^^^^^^^^^^^^^^^^^^^^^^^^^^^^^^^^^^^^^^^^^^^^^^^^^^^^^^^^^^^^\n  File \"C:\\Dev\\python_selenium\\.venv\\Lib\\site-packages\\selenium\\webdriver\\remote\\webdriver.py\", line 347, in execute\n    self.error_handler.check_response(response)\n  File \"C:\\Dev\\python_selenium\\.venv\\Lib\\site-packages\\selenium\\webdriver\\remote\\errorhandler.py\", line 229, in check_response\n    raise exception_class(message, screen, stacktrace)\n","steps":[],"attachments":[],"parameters":[],"shouldDisplayMessage":true,"stepsCount":0,"attachmentsCount":0,"hasContent":true}],"attachments":[],"parameters":[],"shouldDisplayMessage":false,"stepsCount":1,"attachmentsCount":0,"hasContent":true}],"attachments":[],"parameters":[],"shouldDisplayMessage":true,"stepsCount":12,"attachmentsCount":0,"hasContent":true},"afterStages":[{"name":"chrome_driver::0","time":{"start":1711126321276,"stop":1711126323382,"duration":2106},"status":"passed","steps":[],"attachments":[],"parameters":[],"shouldDisplayMessage":false,"stepsCount":0,"attachmentsCount":0,"hasContent":false}],"labels":[{"name":"suite","value":"Оформление заказа"},{"name":"feature","value":"Оформление заказа"},{"name":"tag","value":"@pytest.mark.usefixtures('chrome_driver')"},{"name":"parentSuite","value":"web.tests"},{"name":"subSuite","value":"TestOrderSuite"},{"name":"host","value":"DESKTOP-AMCLGNE"},{"name":"thread","value":"14256-MainThread"},{"name":"framework","value":"pytest"},{"name":"language","value":"cpython3"},{"name":"package","value":"web.tests.test_order"},{"name":"resultFormat","value":"allure2"}],"parameters":[],"links":[],"hidden":true,"retry":true,"extra":{"categories":[],"tags":["@pytest.mark.usefixtures('chrome_driver')"]},"source":"3811694df9a02ac.json","parameterValues":[]}