{"uid":"6a44ab05d12fd22d","name":"Успешное добавление товара в корзину","fullName":"web.tests.test_cart.TestCartPage#test_add_to_cart","historyId":"372d59ffd5d2f5632326fe25ddd3e2b9","time":{"start":1711117027435,"stop":1711117028492,"duration":1057},"status":"broken","statusMessage":"AttributeError: 'WebDriver' object has no attribute 'handle_assertion_error'","statusTrace":"self = <web.tests.test_cart.TestCartPage object at 0x000001B3FBBA6650>, chrome_driver = <selenium.webdriver.chrome.webdriver.WebDriver (session=\"447591d0f6b410cd0f659fdd12ecc53c\")>\n\n    @allure.title(\"Успешное добавление товара в корзину\")\n    def test_add_to_cart(self, chrome_driver):\n        login_page = LoginPage(chrome_driver)\n        product_page = ProductPage(chrome_driver)\n        login_page.go_to_site()\n        login_page.login(Config.USERNAME, Config.PASSWORD)\n        product_page.add_product_to_cart()\n        try:\n>           assert (\n                chrome_driver.find_element(\n                    \"xpath\", \"//span[@class='shopping_cart_badge']\"\n                ).text\n                == \"2\"\n            ), \"Товар не добавлен в корзину\"\nE           AssertionError: Товар не добавлен в корзину\nE           assert '1' == '2'\nE             \nE             - 2\nE             + 1\n\nweb\\tests\\test_cart.py:20: AssertionError\n\nDuring handling of the above exception, another exception occurred:\n\nself = <web.tests.test_cart.TestCartPage object at 0x000001B3FBBA6650>, chrome_driver = <selenium.webdriver.chrome.webdriver.WebDriver (session=\"447591d0f6b410cd0f659fdd12ecc53c\")>\n\n    @allure.title(\"Успешное добавление товара в корзину\")\n    def test_add_to_cart(self, chrome_driver):\n        login_page = LoginPage(chrome_driver)\n        product_page = ProductPage(chrome_driver)\n        login_page.go_to_site()\n        login_page.login(Config.USERNAME, Config.PASSWORD)\n        product_page.add_product_to_cart()\n        try:\n            assert (\n                chrome_driver.find_element(\n                    \"xpath\", \"//span[@class='shopping_cart_badge']\"\n                ).text\n                == \"2\"\n            ), \"Товар не добавлен в корзину\"\n        except AssertionError as e:\n>           chrome_driver.handle_assertion_error('гы')\nE           AttributeError: 'WebDriver' object has no attribute 'handle_assertion_error'\n\nweb\\tests\\test_cart.py:27: AttributeError","flaky":false,"newFailed":false,"newBroken":false,"newPassed":false,"retriesCount":0,"retriesStatusChange":false,"beforeStages":[{"name":"chrome_driver","time":{"start":1711117026114,"stop":1711117027434,"duration":1320},"status":"passed","steps":[],"attachments":[],"parameters":[],"shouldDisplayMessage":false,"stepsCount":0,"attachmentsCount":0,"hasContent":false}],"testStage":{"status":"broken","statusMessage":"AttributeError: 'WebDriver' object has no attribute 'handle_assertion_error'","statusTrace":"self = <web.tests.test_cart.TestCartPage object at 0x000001B3FBBA6650>, chrome_driver = <selenium.webdriver.chrome.webdriver.WebDriver (session=\"447591d0f6b410cd0f659fdd12ecc53c\")>\n\n    @allure.title(\"Успешное добавление товара в корзину\")\n    def test_add_to_cart(self, chrome_driver):\n        login_page = LoginPage(chrome_driver)\n        product_page = ProductPage(chrome_driver)\n        login_page.go_to_site()\n        login_page.login(Config.USERNAME, Config.PASSWORD)\n        product_page.add_product_to_cart()\n        try:\n>           assert (\n                chrome_driver.find_element(\n                    \"xpath\", \"//span[@class='shopping_cart_badge']\"\n                ).text\n                == \"2\"\n            ), \"Товар не добавлен в корзину\"\nE           AssertionError: Товар не добавлен в корзину\nE           assert '1' == '2'\nE             \nE             - 2\nE             + 1\n\nweb\\tests\\test_cart.py:20: AssertionError\n\nDuring handling of the above exception, another exception occurred:\n\nself = <web.tests.test_cart.TestCartPage object at 0x000001B3FBBA6650>, chrome_driver = <selenium.webdriver.chrome.webdriver.WebDriver (session=\"447591d0f6b410cd0f659fdd12ecc53c\")>\n\n    @allure.title(\"Успешное добавление товара в корзину\")\n    def test_add_to_cart(self, chrome_driver):\n        login_page = LoginPage(chrome_driver)\n        product_page = ProductPage(chrome_driver)\n        login_page.go_to_site()\n        login_page.login(Config.USERNAME, Config.PASSWORD)\n        product_page.add_product_to_cart()\n        try:\n            assert (\n                chrome_driver.find_element(\n                    \"xpath\", \"//span[@class='shopping_cart_badge']\"\n                ).text\n                == \"2\"\n            ), \"Товар не добавлен в корзину\"\n        except AssertionError as e:\n>           chrome_driver.handle_assertion_error('гы')\nE           AttributeError: 'WebDriver' object has no attribute 'handle_assertion_error'\n\nweb\\tests\\test_cart.py:27: AttributeError","steps":[{"name":"Ввод имени пользователя: standard_user","time":{"start":1711117028274,"stop":1711117028330,"duration":56},"status":"passed","steps":[{"name":"Click on ('xpath', \"//input[@id='user-name']\")","time":{"start":1711117028274,"stop":1711117028283,"duration":9},"status":"passed","steps":[],"attachments":[],"parameters":[],"shouldDisplayMessage":false,"stepsCount":0,"attachmentsCount":0,"hasContent":false}],"attachments":[],"parameters":[],"shouldDisplayMessage":false,"stepsCount":1,"attachmentsCount":0,"hasContent":true},{"name":"Ввод пароля: secret_sauce","time":{"start":1711117028330,"stop":1711117028376,"duration":46},"status":"passed","steps":[{"name":"Click on ('xpath', \"//input[@id='password']\")","time":{"start":1711117028330,"stop":1711117028338,"duration":8},"status":"passed","steps":[],"attachments":[],"parameters":[],"shouldDisplayMessage":false,"stepsCount":0,"attachmentsCount":0,"hasContent":false}],"attachments":[],"parameters":[],"shouldDisplayMessage":false,"stepsCount":1,"attachmentsCount":0,"hasContent":true},{"name":"Нажатие кнопки входа","time":{"start":1711117028376,"stop":1711117028441,"duration":65},"status":"passed","steps":[{"name":"Click on ('xpath', \"//input[@id='login-button']\")","time":{"start":1711117028376,"stop":1711117028384,"duration":8},"status":"passed","steps":[],"attachments":[],"parameters":[],"shouldDisplayMessage":false,"stepsCount":0,"attachmentsCount":0,"hasContent":false}],"attachments":[],"parameters":[],"shouldDisplayMessage":false,"stepsCount":1,"attachmentsCount":0,"hasContent":true},{"name":"Добавляем товар в корзину","time":{"start":1711117028441,"stop":1711117028475,"duration":34},"status":"passed","steps":[{"name":"Click on ('xpath', \"(//button[text()='Add to cart'])[1]\")","time":{"start":1711117028441,"stop":1711117028450,"duration":9},"status":"passed","steps":[],"attachments":[],"parameters":[],"shouldDisplayMessage":false,"stepsCount":0,"attachmentsCount":0,"hasContent":false}],"attachments":[],"parameters":[],"shouldDisplayMessage":false,"stepsCount":1,"attachmentsCount":0,"hasContent":true}],"attachments":[],"parameters":[],"shouldDisplayMessage":true,"stepsCount":8,"attachmentsCount":0,"hasContent":true},"afterStages":[{"name":"chrome_driver::0","time":{"start":1711117029028,"stop":1711117031133,"duration":2105},"status":"passed","steps":[],"attachments":[],"parameters":[],"shouldDisplayMessage":false,"stepsCount":0,"attachmentsCount":0,"hasContent":false}],"labels":[{"name":"suite","value":"Работа с корзиной"},{"name":"feature","value":"Работа с корзиной"},{"name":"tag","value":"@pytest.mark.usefixtures('chrome_driver')"},{"name":"parentSuite","value":"web.tests"},{"name":"subSuite","value":"TestCartPage"},{"name":"host","value":"DESKTOP-AMCLGNE"},{"name":"thread","value":"308-MainThread"},{"name":"framework","value":"pytest"},{"name":"language","value":"cpython3"},{"name":"package","value":"web.tests.test_cart"},{"name":"resultFormat","value":"allure2"}],"parameters":[],"links":[],"hidden":true,"retry":true,"extra":{"categories":[],"tags":["@pytest.mark.usefixtures('chrome_driver')"]},"source":"6a44ab05d12fd22d.json","parameterValues":[]}