{"uid":"7161a03d3d09c584","name":"test_remove_from_cart","fullName":"web.tests.test_cart.TestCartPage#test_remove_from_cart","historyId":"be07a0b6f6e4060060920e7101683295","time":{"start":1711120709559,"stop":1711120709781,"duration":222},"status":"broken","statusMessage":"selenium.common.exceptions.NoSuchElementException: Message: no such element: Unable to locate element: {\"method\":\"xpath\",\"selector\":\"//span[@class='shopping_cart_badge']\"}\n  (Session info: chrome=122.0.6261.131); For documentation on this error, please visit: https://www.selenium.dev/documentation/webdriver/troubleshooting/errors#no-such-element-exception\nStacktrace:\n\tGetHandleVerifier [0x00007FF609A3AD02+56930]\n\t(No symbol) [0x00007FF6099AF602]\n\t(No symbol) [0x00007FF6098642E5]\n\t(No symbol) [0x00007FF6098A98ED]\n\t(No symbol) [0x00007FF6098A9A2C]\n\t(No symbol) [0x00007FF6098EA967]\n\t(No symbol) [0x00007FF6098CBCDF]\n\t(No symbol) [0x00007FF6098E81E2]\n\t(No symbol) [0x00007FF6098CBA43]\n\t(No symbol) [0x00007FF60989D438]\n\t(No symbol) [0x00007FF60989E4D1]\n\tGetHandleVerifier [0x00007FF609DB6F8D+3711213]\n\tGetHandleVerifier [0x00007FF609E104CD+4077101]\n\tGetHandleVerifier [0x00007FF609E0865F+4044735]\n\tGetHandleVerifier [0x00007FF609AD9736+706710]\n\t(No symbol) [0x00007FF6099BB8DF]\n\t(No symbol) [0x00007FF6099B6AC4]\n\t(No symbol) [0x00007FF6099B6C1C]\n\t(No symbol) [0x00007FF6099A68D4]\n\tBaseThreadInitThunk [0x00007FFA4D737344+20]\n\tRtlUserThreadStart [0x00007FFA4E9A26B1+33]","statusTrace":"self = <web.tests.test_cart.TestCartPage object at 0x0000020C3EE714D0>, chrome_driver = <selenium.webdriver.chrome.webdriver.WebDriver (session=\"459aca300e53daa6ec14af4993adefb1\")>\n\n    def test_remove_from_cart(self, chrome_driver):\n        login_page = LoginPage(chrome_driver)\n        product_page = ProductPage(chrome_driver)\n        login_page.go_to_site()\n        login_page.login(Config.USERNAME, Config.PASSWORD)\n        product_page.add_product_to_cart()\n        product_page.remove_product_from_cart()\n        try:\n>           assert not (\n                chrome_driver.find_element(\n                    \"xpath\", \"//span[@class='shopping_cart_badge']\"\n                ).is_enabled()\n            ), \"Товар не добавлен в корзину\"\n\nweb\\tests\\test_cart.py:39: \n_ _ _ _ _ _ _ _ _ _ _ _ _ _ _ _ _ _ _ _ _ _ _ _ _ _ _ _ _ _ _ _ _ _ _ _ _ _ _ _ _ _ _ _ _ _ _ _ _ _ _ _ _ _ _ _ _ _ _ _ _ _ _ _ _ _ _ _ _ _ _ _ _ _ _ _ _ _ _ _ _ _ _ _ _ _ _ _ _ _ _ _ _ _ _ _ _ _ _ _ _ _ _ _ _ _ _ _ _ _ _ _ _ _ _ _ _ _ _ _ _ _ _ _ _ _ _ _ _ _\n.venv\\Lib\\site-packages\\selenium\\webdriver\\remote\\webdriver.py:741: in find_element\n    return self.execute(Command.FIND_ELEMENT, {\"using\": by, \"value\": value})[\"value\"]\n.venv\\Lib\\site-packages\\selenium\\webdriver\\remote\\webdriver.py:347: in execute\n    self.error_handler.check_response(response)\n_ _ _ _ _ _ _ _ _ _ _ _ _ _ _ _ _ _ _ _ _ _ _ _ _ _ _ _ _ _ _ _ _ _ _ _ _ _ _ _ _ _ _ _ _ _ _ _ _ _ _ _ _ _ _ _ _ _ _ _ _ _ _ _ _ _ _ _ _ _ _ _ _ _ _ _ _ _ _ _ _ _ _ _ _ _ _ _ _ _ _ _ _ _ _ _ _ _ _ _ _ _ _ _ _ _ _ _ _ _ _ _ _ _ _ _ _ _ _ _ _ _ _ _ _ _ _ _ _ _\n\nself = <selenium.webdriver.remote.errorhandler.ErrorHandler object at 0x0000020C3EE70350>\nresponse = {'status': 404, 'value': '{\"value\":{\"error\":\"no such element\",\"message\":\"no such element: Unable to locate element: {\\...07FF6099A68D4]\\\\n\\\\tBaseThreadInitThunk [0x00007FFA4D737344+20]\\\\n\\\\tRtlUserThreadStart [0x00007FFA4E9A26B1+33]\\\\n\"}}'}\n\n    def check_response(self, response: Dict[str, Any]) -> None:\n        \"\"\"Checks that a JSON response from the WebDriver does not have an\n        error.\n    \n        :Args:\n         - response - The JSON response from the WebDriver server as a dictionary\n           object.\n    \n        :Raises: If the response contains an error message.\n        \"\"\"\n        status = response.get(\"status\", None)\n        if not status or status == ErrorCode.SUCCESS:\n            return\n        value = None\n        message = response.get(\"message\", \"\")\n        screen: str = response.get(\"screen\", \"\")\n        stacktrace = None\n        if isinstance(status, int):\n            value_json = response.get(\"value\", None)\n            if value_json and isinstance(value_json, str):\n                import json\n    \n                try:\n                    value = json.loads(value_json)\n                    if len(value) == 1:\n                        value = value[\"value\"]\n                    status = value.get(\"error\", None)\n                    if not status:\n                        status = value.get(\"status\", ErrorCode.UNKNOWN_ERROR)\n                        message = value.get(\"value\") or value.get(\"message\")\n                        if not isinstance(message, str):\n                            value = message\n                            message = message.get(\"message\")\n                    else:\n                        message = value.get(\"message\", None)\n                except ValueError:\n                    pass\n    \n        exception_class: Type[WebDriverException]\n        e = ErrorCode()\n        error_codes = [item for item in dir(e) if not item.startswith(\"__\")]\n        for error_code in error_codes:\n            error_info = getattr(ErrorCode, error_code)\n            if isinstance(error_info, list) and status in error_info:\n                exception_class = getattr(ExceptionMapping, error_code, WebDriverException)\n                break\n        else:\n            exception_class = WebDriverException\n    \n        if not value:\n            value = response[\"value\"]\n        if isinstance(value, str):\n            raise exception_class(value)\n        if message == \"\" and \"message\" in value:\n            message = value[\"message\"]\n    \n        screen = None  # type: ignore[assignment]\n        if \"screen\" in value:\n            screen = value[\"screen\"]\n    \n        stacktrace = None\n        st_value = value.get(\"stackTrace\") or value.get(\"stacktrace\")\n        if st_value:\n            if isinstance(st_value, str):\n                stacktrace = st_value.split(\"\\n\")\n            else:\n                stacktrace = []\n                try:\n                    for frame in st_value:\n                        line = frame.get(\"lineNumber\", \"\")\n                        file = frame.get(\"fileName\", \"<anonymous>\")\n                        if line:\n                            file = f\"{file}:{line}\"\n                        meth = frame.get(\"methodName\", \"<anonymous>\")\n                        if \"className\" in frame:\n                            meth = f\"{frame['className']}.{meth}\"\n                        msg = \"    at %s (%s)\"\n                        msg = msg % (meth, file)\n                        stacktrace.append(msg)\n                except TypeError:\n                    pass\n        if exception_class == UnexpectedAlertPresentException:\n            alert_text = None\n            if \"data\" in value:\n                alert_text = value[\"data\"].get(\"text\")\n            elif \"alert\" in value:\n                alert_text = value[\"alert\"].get(\"text\")\n            raise exception_class(message, screen, stacktrace, alert_text)  # type: ignore[call-arg]  # mypy is not smart enough here\n>       raise exception_class(message, screen, stacktrace)\nE       selenium.common.exceptions.NoSuchElementException: Message: no such element: Unable to locate element: {\"method\":\"xpath\",\"selector\":\"//span[@class='shopping_cart_badge']\"}\nE         (Session info: chrome=122.0.6261.131); For documentation on this error, please visit: https://www.selenium.dev/documentation/webdriver/troubleshooting/errors#no-such-element-exception\nE       Stacktrace:\nE       \tGetHandleVerifier [0x00007FF609A3AD02+56930]\nE       \t(No symbol) [0x00007FF6099AF602]\nE       \t(No symbol) [0x00007FF6098642E5]\nE       \t(No symbol) [0x00007FF6098A98ED]\nE       \t(No symbol) [0x00007FF6098A9A2C]\nE       \t(No symbol) [0x00007FF6098EA967]\nE       \t(No symbol) [0x00007FF6098CBCDF]\nE       \t(No symbol) [0x00007FF6098E81E2]\nE       \t(No symbol) [0x00007FF6098CBA43]\nE       \t(No symbol) [0x00007FF60989D438]\nE       \t(No symbol) [0x00007FF60989E4D1]\nE       \tGetHandleVerifier [0x00007FF609DB6F8D+3711213]\nE       \tGetHandleVerifier [0x00007FF609E104CD+4077101]\nE       \tGetHandleVerifier [0x00007FF609E0865F+4044735]\nE       \tGetHandleVerifier [0x00007FF609AD9736+706710]\nE       \t(No symbol) [0x00007FF6099BB8DF]\nE       \t(No symbol) [0x00007FF6099B6AC4]\nE       \t(No symbol) [0x00007FF6099B6C1C]\nE       \t(No symbol) [0x00007FF6099A68D4]\nE       \tBaseThreadInitThunk [0x00007FFA4D737344+20]\nE       \tRtlUserThreadStart [0x00007FFA4E9A26B1+33]\n\n.venv\\Lib\\site-packages\\selenium\\webdriver\\remote\\errorhandler.py:229: NoSuchElementException","flaky":false,"newFailed":false,"newBroken":false,"newPassed":false,"retriesCount":0,"retriesStatusChange":false,"beforeStages":[{"name":"chrome_driver","time":{"start":1711120706758,"stop":1711120708029,"duration":1271},"status":"passed","steps":[],"attachments":[],"parameters":[],"shouldDisplayMessage":false,"stepsCount":0,"attachmentsCount":0,"hasContent":false}],"testStage":{"status":"broken","statusMessage":"selenium.common.exceptions.NoSuchElementException: Message: no such element: Unable to locate element: {\"method\":\"xpath\",\"selector\":\"//span[@class='shopping_cart_badge']\"}\n  (Session info: chrome=122.0.6261.131); For documentation on this error, please visit: https://www.selenium.dev/documentation/webdriver/troubleshooting/errors#no-such-element-exception\nStacktrace:\n\tGetHandleVerifier [0x00007FF609A3AD02+56930]\n\t(No symbol) [0x00007FF6099AF602]\n\t(No symbol) [0x00007FF6098642E5]\n\t(No symbol) [0x00007FF6098A98ED]\n\t(No symbol) [0x00007FF6098A9A2C]\n\t(No symbol) [0x00007FF6098EA967]\n\t(No symbol) [0x00007FF6098CBCDF]\n\t(No symbol) [0x00007FF6098E81E2]\n\t(No symbol) [0x00007FF6098CBA43]\n\t(No symbol) [0x00007FF60989D438]\n\t(No symbol) [0x00007FF60989E4D1]\n\tGetHandleVerifier [0x00007FF609DB6F8D+3711213]\n\tGetHandleVerifier [0x00007FF609E104CD+4077101]\n\tGetHandleVerifier [0x00007FF609E0865F+4044735]\n\tGetHandleVerifier [0x00007FF609AD9736+706710]\n\t(No symbol) [0x00007FF6099BB8DF]\n\t(No symbol) [0x00007FF6099B6AC4]\n\t(No symbol) [0x00007FF6099B6C1C]\n\t(No symbol) [0x00007FF6099A68D4]\n\tBaseThreadInitThunk [0x00007FFA4D737344+20]\n\tRtlUserThreadStart [0x00007FFA4E9A26B1+33]","statusTrace":"self = <web.tests.test_cart.TestCartPage object at 0x0000020C3EE714D0>, chrome_driver = <selenium.webdriver.chrome.webdriver.WebDriver (session=\"459aca300e53daa6ec14af4993adefb1\")>\n\n    def test_remove_from_cart(self, chrome_driver):\n        login_page = LoginPage(chrome_driver)\n        product_page = ProductPage(chrome_driver)\n        login_page.go_to_site()\n        login_page.login(Config.USERNAME, Config.PASSWORD)\n        product_page.add_product_to_cart()\n        product_page.remove_product_from_cart()\n        try:\n>           assert not (\n                chrome_driver.find_element(\n                    \"xpath\", \"//span[@class='shopping_cart_badge']\"\n                ).is_enabled()\n            ), \"Товар не добавлен в корзину\"\n\nweb\\tests\\test_cart.py:39: \n_ _ _ _ _ _ _ _ _ _ _ _ _ _ _ _ _ _ _ _ _ _ _ _ _ _ _ _ _ _ _ _ _ _ _ _ _ _ _ _ _ _ _ _ _ _ _ _ _ _ _ _ _ _ _ _ _ _ _ _ _ _ _ _ _ _ _ _ _ _ _ _ _ _ _ _ _ _ _ _ _ _ _ _ _ _ _ _ _ _ _ _ _ _ _ _ _ _ _ _ _ _ _ _ _ _ _ _ _ _ _ _ _ _ _ _ _ _ _ _ _ _ _ _ _ _ _ _ _ _\n.venv\\Lib\\site-packages\\selenium\\webdriver\\remote\\webdriver.py:741: in find_element\n    return self.execute(Command.FIND_ELEMENT, {\"using\": by, \"value\": value})[\"value\"]\n.venv\\Lib\\site-packages\\selenium\\webdriver\\remote\\webdriver.py:347: in execute\n    self.error_handler.check_response(response)\n_ _ _ _ _ _ _ _ _ _ _ _ _ _ _ _ _ _ _ _ _ _ _ _ _ _ _ _ _ _ _ _ _ _ _ _ _ _ _ _ _ _ _ _ _ _ _ _ _ _ _ _ _ _ _ _ _ _ _ _ _ _ _ _ _ _ _ _ _ _ _ _ _ _ _ _ _ _ _ _ _ _ _ _ _ _ _ _ _ _ _ _ _ _ _ _ _ _ _ _ _ _ _ _ _ _ _ _ _ _ _ _ _ _ _ _ _ _ _ _ _ _ _ _ _ _ _ _ _ _\n\nself = <selenium.webdriver.remote.errorhandler.ErrorHandler object at 0x0000020C3EE70350>\nresponse = {'status': 404, 'value': '{\"value\":{\"error\":\"no such element\",\"message\":\"no such element: Unable to locate element: {\\...07FF6099A68D4]\\\\n\\\\tBaseThreadInitThunk [0x00007FFA4D737344+20]\\\\n\\\\tRtlUserThreadStart [0x00007FFA4E9A26B1+33]\\\\n\"}}'}\n\n    def check_response(self, response: Dict[str, Any]) -> None:\n        \"\"\"Checks that a JSON response from the WebDriver does not have an\n        error.\n    \n        :Args:\n         - response - The JSON response from the WebDriver server as a dictionary\n           object.\n    \n        :Raises: If the response contains an error message.\n        \"\"\"\n        status = response.get(\"status\", None)\n        if not status or status == ErrorCode.SUCCESS:\n            return\n        value = None\n        message = response.get(\"message\", \"\")\n        screen: str = response.get(\"screen\", \"\")\n        stacktrace = None\n        if isinstance(status, int):\n            value_json = response.get(\"value\", None)\n            if value_json and isinstance(value_json, str):\n                import json\n    \n                try:\n                    value = json.loads(value_json)\n                    if len(value) == 1:\n                        value = value[\"value\"]\n                    status = value.get(\"error\", None)\n                    if not status:\n                        status = value.get(\"status\", ErrorCode.UNKNOWN_ERROR)\n                        message = value.get(\"value\") or value.get(\"message\")\n                        if not isinstance(message, str):\n                            value = message\n                            message = message.get(\"message\")\n                    else:\n                        message = value.get(\"message\", None)\n                except ValueError:\n                    pass\n    \n        exception_class: Type[WebDriverException]\n        e = ErrorCode()\n        error_codes = [item for item in dir(e) if not item.startswith(\"__\")]\n        for error_code in error_codes:\n            error_info = getattr(ErrorCode, error_code)\n            if isinstance(error_info, list) and status in error_info:\n                exception_class = getattr(ExceptionMapping, error_code, WebDriverException)\n                break\n        else:\n            exception_class = WebDriverException\n    \n        if not value:\n            value = response[\"value\"]\n        if isinstance(value, str):\n            raise exception_class(value)\n        if message == \"\" and \"message\" in value:\n            message = value[\"message\"]\n    \n        screen = None  # type: ignore[assignment]\n        if \"screen\" in value:\n            screen = value[\"screen\"]\n    \n        stacktrace = None\n        st_value = value.get(\"stackTrace\") or value.get(\"stacktrace\")\n        if st_value:\n            if isinstance(st_value, str):\n                stacktrace = st_value.split(\"\\n\")\n            else:\n                stacktrace = []\n                try:\n                    for frame in st_value:\n                        line = frame.get(\"lineNumber\", \"\")\n                        file = frame.get(\"fileName\", \"<anonymous>\")\n                        if line:\n                            file = f\"{file}:{line}\"\n                        meth = frame.get(\"methodName\", \"<anonymous>\")\n                        if \"className\" in frame:\n                            meth = f\"{frame['className']}.{meth}\"\n                        msg = \"    at %s (%s)\"\n                        msg = msg % (meth, file)\n                        stacktrace.append(msg)\n                except TypeError:\n                    pass\n        if exception_class == UnexpectedAlertPresentException:\n            alert_text = None\n            if \"data\" in value:\n                alert_text = value[\"data\"].get(\"text\")\n            elif \"alert\" in value:\n                alert_text = value[\"alert\"].get(\"text\")\n            raise exception_class(message, screen, stacktrace, alert_text)  # type: ignore[call-arg]  # mypy is not smart enough here\n>       raise exception_class(message, screen, stacktrace)\nE       selenium.common.exceptions.NoSuchElementException: Message: no such element: Unable to locate element: {\"method\":\"xpath\",\"selector\":\"//span[@class='shopping_cart_badge']\"}\nE         (Session info: chrome=122.0.6261.131); For documentation on this error, please visit: https://www.selenium.dev/documentation/webdriver/troubleshooting/errors#no-such-element-exception\nE       Stacktrace:\nE       \tGetHandleVerifier [0x00007FF609A3AD02+56930]\nE       \t(No symbol) [0x00007FF6099AF602]\nE       \t(No symbol) [0x00007FF6098642E5]\nE       \t(No symbol) [0x00007FF6098A98ED]\nE       \t(No symbol) [0x00007FF6098A9A2C]\nE       \t(No symbol) [0x00007FF6098EA967]\nE       \t(No symbol) [0x00007FF6098CBCDF]\nE       \t(No symbol) [0x00007FF6098E81E2]\nE       \t(No symbol) [0x00007FF6098CBA43]\nE       \t(No symbol) [0x00007FF60989D438]\nE       \t(No symbol) [0x00007FF60989E4D1]\nE       \tGetHandleVerifier [0x00007FF609DB6F8D+3711213]\nE       \tGetHandleVerifier [0x00007FF609E104CD+4077101]\nE       \tGetHandleVerifier [0x00007FF609E0865F+4044735]\nE       \tGetHandleVerifier [0x00007FF609AD9736+706710]\nE       \t(No symbol) [0x00007FF6099BB8DF]\nE       \t(No symbol) [0x00007FF6099B6AC4]\nE       \t(No symbol) [0x00007FF6099B6C1C]\nE       \t(No symbol) [0x00007FF6099A68D4]\nE       \tBaseThreadInitThunk [0x00007FFA4D737344+20]\nE       \tRtlUserThreadStart [0x00007FFA4E9A26B1+33]\n\n.venv\\Lib\\site-packages\\selenium\\webdriver\\remote\\errorhandler.py:229: NoSuchElementException","steps":[{"name":"Ввод имени пользователя: standard_user","time":{"start":1711120709601,"stop":1711120709644,"duration":43},"status":"passed","steps":[{"name":"Click on ('xpath', \"//input[@id='user-name']\")","time":{"start":1711120709601,"stop":1711120709608,"duration":7},"status":"passed","steps":[],"attachments":[],"parameters":[],"shouldDisplayMessage":false,"stepsCount":0,"attachmentsCount":0,"hasContent":false}],"attachments":[],"parameters":[],"shouldDisplayMessage":false,"stepsCount":1,"attachmentsCount":0,"hasContent":true},{"name":"Ввод пароля: secret_sauce","time":{"start":1711120709644,"stop":1711120709680,"duration":36},"status":"passed","steps":[{"name":"Click on ('xpath', \"//input[@id='password']\")","time":{"start":1711120709644,"stop":1711120709649,"duration":5},"status":"passed","steps":[],"attachments":[],"parameters":[],"shouldDisplayMessage":false,"stepsCount":0,"attachmentsCount":0,"hasContent":false}],"attachments":[],"parameters":[],"shouldDisplayMessage":false,"stepsCount":1,"attachmentsCount":0,"hasContent":true},{"name":"Нажатие кнопки входа","time":{"start":1711120709680,"stop":1711120709721,"duration":41},"status":"passed","steps":[{"name":"Click on ('xpath', \"//input[@id='login-button']\")","time":{"start":1711120709680,"stop":1711120709685,"duration":5},"status":"passed","steps":[],"attachments":[],"parameters":[],"shouldDisplayMessage":false,"stepsCount":0,"attachmentsCount":0,"hasContent":false}],"attachments":[],"parameters":[],"shouldDisplayMessage":false,"stepsCount":1,"attachmentsCount":0,"hasContent":true},{"name":"Добавляем товар в корзину","time":{"start":1711120709721,"stop":1711120709748,"duration":27},"status":"passed","steps":[{"name":"Click on ('xpath', \"(//button[text()='Add to cart'])[1]\")","time":{"start":1711120709721,"stop":1711120709727,"duration":6},"status":"passed","steps":[],"attachments":[],"parameters":[],"shouldDisplayMessage":false,"stepsCount":0,"attachmentsCount":0,"hasContent":false}],"attachments":[],"parameters":[],"shouldDisplayMessage":false,"stepsCount":1,"attachmentsCount":0,"hasContent":true},{"name":"Click on ('xpath', \"//button[text()='Remove']\")","time":{"start":1711120709748,"stop":1711120709756,"duration":8},"status":"passed","steps":[],"attachments":[],"parameters":[],"shouldDisplayMessage":false,"stepsCount":0,"attachmentsCount":0,"hasContent":false}],"attachments":[],"parameters":[],"shouldDisplayMessage":true,"stepsCount":9,"attachmentsCount":0,"hasContent":true},"afterStages":[{"name":"chrome_driver::0","time":{"start":1711120710314,"stop":1711120712408,"duration":2094},"status":"passed","steps":[],"attachments":[],"parameters":[],"shouldDisplayMessage":false,"stepsCount":0,"attachmentsCount":0,"hasContent":false}],"labels":[{"name":"feature","value":"Работа с корзиной"},{"name":"suite","value":"Работа с корзиной"},{"name":"tag","value":"@pytest.mark.usefixtures('chrome_driver')"},{"name":"parentSuite","value":"web.tests"},{"name":"subSuite","value":"TestCartPage"},{"name":"host","value":"DESKTOP-AMCLGNE"},{"name":"thread","value":"8828-MainThread"},{"name":"framework","value":"pytest"},{"name":"language","value":"cpython3"},{"name":"package","value":"web.tests.test_cart"},{"name":"resultFormat","value":"allure2"}],"parameters":[],"links":[],"hidden":true,"retry":true,"extra":{"categories":[],"tags":["@pytest.mark.usefixtures('chrome_driver')"]},"source":"7161a03d3d09c584.json","parameterValues":[]}