{"uid":"7bc0b78e0fb21b5e","name":"Успешное добавление товара в корзину","fullName":"web.tests.test_cart.TestCartPage#test_add_to_cart","historyId":"372d59ffd5d2f5632326fe25ddd3e2b9","time":{"start":1711123370268,"stop":1711123371508,"duration":1240},"status":"failed","statusMessage":"AssertionError: Товар не добавлен в корзину\nassert '1' == '2'\n  \n  - 2\n  + 1","statusTrace":"self = <web.tests.test_cart.TestCartPage object at 0x000002791C339910>, chrome_driver = <selenium.webdriver.chrome.webdriver.WebDriver (session=\"9a11715cd9ca7410e4afd99b31304312\")>\n\n    @allure.title(\"Успешное добавление товара в корзину\")\n    def test_add_to_cart(self, chrome_driver):\n        login_page = LoginPage(chrome_driver)\n        product_page = ProductPage(chrome_driver)\n        login_page.go_to_site()\n        login_page.login(Config.USERNAME, Config.PASSWORD)\n        product_page.add_product_to_cart()\n        try:\n>           assert (\n                product_page.find_element(\n                    (\"xpath\", \"//span[@class='shopping_cart_badge']\")\n                ).text\n                == \"2\"\n            ), \"Товар не добавлен в корзину\"\nE           AssertionError: Товар не добавлен в корзину\nE           assert '1' == '2'\nE             \nE             - 2\nE             + 1\n\nweb\\tests\\test_cart.py:21: AssertionError\n\nDuring handling of the above exception, another exception occurred:\n\nself = <web.tests.test_cart.TestCartPage object at 0x000002791C339910>, chrome_driver = <selenium.webdriver.chrome.webdriver.WebDriver (session=\"9a11715cd9ca7410e4afd99b31304312\")>\n\n    @allure.title(\"Успешное добавление товара в корзину\")\n    def test_add_to_cart(self, chrome_driver):\n        login_page = LoginPage(chrome_driver)\n        product_page = ProductPage(chrome_driver)\n        login_page.go_to_site()\n        login_page.login(Config.USERNAME, Config.PASSWORD)\n        product_page.add_product_to_cart()\n        try:\n            assert (\n                product_page.find_element(\n                    (\"xpath\", \"//span[@class='shopping_cart_badge']\")\n                ).text\n                == \"2\"\n            ), \"Товар не добавлен в корзину\"\n            product_page.driver.execute_script(\"window.localStorage.clear();\")\n        except AssertionError as e:\n            product_page.driver.execute_script(\"window.localStorage.clear();\")\n>           self.handle_assertion_error(chrome_driver, e)\n\nweb\\tests\\test_cart.py:30: \n_ _ _ _ _ _ _ _ _ _ _ _ _ _ _ _ _ _ _ _ _ _ _ _ _ _ _ _ _ _ _ _ _ _ _ _ _ _ _ _ _ _ _ _ _ _ _ _ _ _ _ _ _ _ _ _ _ _ _ _ _ _ _ _ _ _ _ _ _ _ _ _ _ _ _ _ _ _ _ _ _ _ _ _ _ _ _ _ _ _ _ _ _ _ _ _ _ _ _ _ _ _ _ _ _ _ _ _ _ _ _ _ _ _ _ _ _ _ _ _ _ _ _ _ _ _ _ _ _ _\n\nself = <web.tests.test_cart.TestCartPage object at 0x000002791C339910>, chrome_driver = <selenium.webdriver.chrome.webdriver.WebDriver (session=\"9a11715cd9ca7410e4afd99b31304312\")>\nerror_message = AssertionError(\"Товар не добавлен в корзину\\nassert '1' == '2'\\n  \\n  - 2\\n  + 1\")\n\n    def handle_assertion_error(self, chrome_driver, error_message):\n        with allure.step(\"Поймали ошибку\"):\n            allure.attach(\n                chrome_driver.get_screenshot_as_png(),\n                name=\"screenshot.png\",\n                attachment_type=allure.attachment_type.PNG,\n            )\n>           raise AssertionError(error_message)\nE           AssertionError: Товар не добавлен в корзину\nE           assert '1' == '2'\nE             \nE             - 2\nE             + 1\n\nweb\\tests\\manager_test.py:14: AssertionError","flaky":false,"newFailed":false,"newBroken":false,"newPassed":false,"retriesCount":0,"retriesStatusChange":false,"beforeStages":[{"name":"chrome_driver","time":{"start":1711123368985,"stop":1711123370267,"duration":1282},"status":"passed","steps":[],"attachments":[],"parameters":[],"shouldDisplayMessage":false,"stepsCount":0,"attachmentsCount":0,"hasContent":false}],"testStage":{"status":"failed","statusMessage":"AssertionError: Товар не добавлен в корзину\nassert '1' == '2'\n  \n  - 2\n  + 1","statusTrace":"self = <web.tests.test_cart.TestCartPage object at 0x000002791C339910>, chrome_driver = <selenium.webdriver.chrome.webdriver.WebDriver (session=\"9a11715cd9ca7410e4afd99b31304312\")>\n\n    @allure.title(\"Успешное добавление товара в корзину\")\n    def test_add_to_cart(self, chrome_driver):\n        login_page = LoginPage(chrome_driver)\n        product_page = ProductPage(chrome_driver)\n        login_page.go_to_site()\n        login_page.login(Config.USERNAME, Config.PASSWORD)\n        product_page.add_product_to_cart()\n        try:\n>           assert (\n                product_page.find_element(\n                    (\"xpath\", \"//span[@class='shopping_cart_badge']\")\n                ).text\n                == \"2\"\n            ), \"Товар не добавлен в корзину\"\nE           AssertionError: Товар не добавлен в корзину\nE           assert '1' == '2'\nE             \nE             - 2\nE             + 1\n\nweb\\tests\\test_cart.py:21: AssertionError\n\nDuring handling of the above exception, another exception occurred:\n\nself = <web.tests.test_cart.TestCartPage object at 0x000002791C339910>, chrome_driver = <selenium.webdriver.chrome.webdriver.WebDriver (session=\"9a11715cd9ca7410e4afd99b31304312\")>\n\n    @allure.title(\"Успешное добавление товара в корзину\")\n    def test_add_to_cart(self, chrome_driver):\n        login_page = LoginPage(chrome_driver)\n        product_page = ProductPage(chrome_driver)\n        login_page.go_to_site()\n        login_page.login(Config.USERNAME, Config.PASSWORD)\n        product_page.add_product_to_cart()\n        try:\n            assert (\n                product_page.find_element(\n                    (\"xpath\", \"//span[@class='shopping_cart_badge']\")\n                ).text\n                == \"2\"\n            ), \"Товар не добавлен в корзину\"\n            product_page.driver.execute_script(\"window.localStorage.clear();\")\n        except AssertionError as e:\n            product_page.driver.execute_script(\"window.localStorage.clear();\")\n>           self.handle_assertion_error(chrome_driver, e)\n\nweb\\tests\\test_cart.py:30: \n_ _ _ _ _ _ _ _ _ _ _ _ _ _ _ _ _ _ _ _ _ _ _ _ _ _ _ _ _ _ _ _ _ _ _ _ _ _ _ _ _ _ _ _ _ _ _ _ _ _ _ _ _ _ _ _ _ _ _ _ _ _ _ _ _ _ _ _ _ _ _ _ _ _ _ _ _ _ _ _ _ _ _ _ _ _ _ _ _ _ _ _ _ _ _ _ _ _ _ _ _ _ _ _ _ _ _ _ _ _ _ _ _ _ _ _ _ _ _ _ _ _ _ _ _ _ _ _ _ _\n\nself = <web.tests.test_cart.TestCartPage object at 0x000002791C339910>, chrome_driver = <selenium.webdriver.chrome.webdriver.WebDriver (session=\"9a11715cd9ca7410e4afd99b31304312\")>\nerror_message = AssertionError(\"Товар не добавлен в корзину\\nassert '1' == '2'\\n  \\n  - 2\\n  + 1\")\n\n    def handle_assertion_error(self, chrome_driver, error_message):\n        with allure.step(\"Поймали ошибку\"):\n            allure.attach(\n                chrome_driver.get_screenshot_as_png(),\n                name=\"screenshot.png\",\n                attachment_type=allure.attachment_type.PNG,\n            )\n>           raise AssertionError(error_message)\nE           AssertionError: Товар не добавлен в корзину\nE           assert '1' == '2'\nE             \nE             - 2\nE             + 1\n\nweb\\tests\\manager_test.py:14: AssertionError","steps":[{"name":"Ввод имени пользователя: standard_user","time":{"start":1711123371135,"stop":1711123371189,"duration":54},"status":"passed","steps":[{"name":"Click on ('xpath', \"//input[@id='user-name']\")","time":{"start":1711123371135,"stop":1711123371143,"duration":8},"status":"passed","steps":[],"attachments":[],"parameters":[],"shouldDisplayMessage":false,"stepsCount":0,"attachmentsCount":0,"hasContent":false}],"attachments":[],"parameters":[],"shouldDisplayMessage":false,"stepsCount":1,"attachmentsCount":0,"hasContent":true},{"name":"Ввод пароля: secret_sauce","time":{"start":1711123371189,"stop":1711123371233,"duration":44},"status":"passed","steps":[{"name":"Click on ('xpath', \"//input[@id='password']\")","time":{"start":1711123371189,"stop":1711123371197,"duration":8},"status":"passed","steps":[],"attachments":[],"parameters":[],"shouldDisplayMessage":false,"stepsCount":0,"attachmentsCount":0,"hasContent":false}],"attachments":[],"parameters":[],"shouldDisplayMessage":false,"stepsCount":1,"attachmentsCount":0,"hasContent":true},{"name":"Нажатие кнопки входа","time":{"start":1711123371233,"stop":1711123371300,"duration":67},"status":"passed","steps":[{"name":"Click on ('xpath', \"//input[@id='login-button']\")","time":{"start":1711123371233,"stop":1711123371241,"duration":8},"status":"passed","steps":[],"attachments":[],"parameters":[],"shouldDisplayMessage":false,"stepsCount":0,"attachmentsCount":0,"hasContent":false}],"attachments":[],"parameters":[],"shouldDisplayMessage":false,"stepsCount":1,"attachmentsCount":0,"hasContent":true},{"name":"Добавляем товар в корзину","time":{"start":1711123371300,"stop":1711123371333,"duration":33},"status":"passed","steps":[{"name":"Click on ('xpath', \"(//button[text()='Add to cart'])[1]\")","time":{"start":1711123371300,"stop":1711123371308,"duration":8},"status":"passed","steps":[],"attachments":[],"parameters":[],"shouldDisplayMessage":false,"stepsCount":0,"attachmentsCount":0,"hasContent":false}],"attachments":[],"parameters":[],"shouldDisplayMessage":false,"stepsCount":1,"attachmentsCount":0,"hasContent":true},{"name":"Click on ('xpath', \"//span[@class='shopping_cart_badge']\")","time":{"start":1711123371333,"stop":1711123371341,"duration":8},"status":"passed","steps":[],"attachments":[],"parameters":[],"shouldDisplayMessage":false,"stepsCount":0,"attachmentsCount":0,"hasContent":false},{"name":"Поймали ошибку","time":{"start":1711123371360,"stop":1711123371507,"duration":147},"status":"failed","statusMessage":"AssertionError: Товар не добавлен в корзину\nassert '1' == '2'\n  \n  - 2\n  + 1\n","statusTrace":"  File \"C:\\Dev\\python_selenium\\web\\tests\\manager_test.py\", line 14, in handle_assertion_error\n    raise AssertionError(error_message)\n","steps":[],"attachments":[{"uid":"ecac394f72933dd4","name":"screenshot.png","source":"ecac394f72933dd4.png","type":"image/png","size":161911}],"parameters":[],"shouldDisplayMessage":true,"stepsCount":0,"attachmentsCount":1,"hasContent":true}],"attachments":[],"parameters":[],"shouldDisplayMessage":true,"stepsCount":10,"attachmentsCount":1,"hasContent":true},"afterStages":[{"name":"chrome_driver::0","time":{"start":1711123372235,"stop":1711123374358,"duration":2123},"status":"passed","steps":[],"attachments":[],"parameters":[],"shouldDisplayMessage":false,"stepsCount":0,"attachmentsCount":0,"hasContent":false}],"labels":[{"name":"feature","value":"Работа с корзиной"},{"name":"suite","value":"Работа с корзиной"},{"name":"tag","value":"@pytest.mark.usefixtures('chrome_driver')"},{"name":"parentSuite","value":"web.tests"},{"name":"subSuite","value":"TestCartPage"},{"name":"host","value":"DESKTOP-AMCLGNE"},{"name":"thread","value":"19940-MainThread"},{"name":"framework","value":"pytest"},{"name":"language","value":"cpython3"},{"name":"package","value":"web.tests.test_cart"},{"name":"resultFormat","value":"allure2"}],"parameters":[],"links":[],"hidden":true,"retry":true,"extra":{"categories":[],"tags":["@pytest.mark.usefixtures('chrome_driver')"]},"source":"7bc0b78e0fb21b5e.json","parameterValues":[]}