{"uid":"94d07737ef1d9c58","name":"Успешное добавление товара в корзину","fullName":"web.tests.test_cart.TestCartPage#test_add_to_cart","historyId":"372d59ffd5d2f5632326fe25ddd3e2b9","time":{"start":1711123018700,"stop":1711123019679,"duration":979},"status":"failed","statusMessage":"AssertionError: Товар не добавлен в корзину\nassert '1' == '2'\n  \n  - 2\n  + 1","statusTrace":"self = <web.tests.test_cart.TestCartPage object at 0x00000263B8AB95D0>, chrome_driver = <selenium.webdriver.chrome.webdriver.WebDriver (session=\"942b2db6f6b013ab0f6a8891dca549b8\")>\n\n    @allure.title(\"Успешное добавление товара в корзину\")\n    def test_add_to_cart(self, chrome_driver):\n        login_page = LoginPage(chrome_driver)\n        product_page = ProductPage(chrome_driver)\n        login_page.go_to_site()\n        login_page.login(Config.USERNAME, Config.PASSWORD)\n        product_page.add_product_to_cart()\n        try:\n>           assert (\n                product_page.find_element(\n                    (\"xpath\", \"//span[@class='shopping_cart_badge']\")\n                ).text\n                == \"2\"\n            ), \"Товар не добавлен в корзину\"\nE           AssertionError: Товар не добавлен в корзину\nE           assert '1' == '2'\nE             \nE             - 2\nE             + 1\n\nweb\\tests\\test_cart.py:21: AssertionError\n\nDuring handling of the above exception, another exception occurred:\n\nself = <web.tests.test_cart.TestCartPage object at 0x00000263B8AB95D0>, chrome_driver = <selenium.webdriver.chrome.webdriver.WebDriver (session=\"942b2db6f6b013ab0f6a8891dca549b8\")>\n\n    @allure.title(\"Успешное добавление товара в корзину\")\n    def test_add_to_cart(self, chrome_driver):\n        login_page = LoginPage(chrome_driver)\n        product_page = ProductPage(chrome_driver)\n        login_page.go_to_site()\n        login_page.login(Config.USERNAME, Config.PASSWORD)\n        product_page.add_product_to_cart()\n        try:\n            assert (\n                product_page.find_element(\n                    (\"xpath\", \"//span[@class='shopping_cart_badge']\")\n                ).text\n                == \"2\"\n            ), \"Товар не добавлен в корзину\"\n            chrome_driver.execute_script(\"window.localStorage.clear();\")\n        except AssertionError as e:\n>           self.handle_assertion_error(chrome_driver, e)\n\nweb\\tests\\test_cart.py:29: \n_ _ _ _ _ _ _ _ _ _ _ _ _ _ _ _ _ _ _ _ _ _ _ _ _ _ _ _ _ _ _ _ _ _ _ _ _ _ _ _ _ _ _ _ _ _ _ _ _ _ _ _ _ _ _ _ _ _ _ _ _ _ _ _ _ _ _ _ _ _ _ _ _ _ _ _ _ _ _ _ _ _ _ _ _ _ _ _ _ _ _ _ _ _ _ _ _ _ _ _ _ _ _ _ _ _ _ _ _ _ _ _ _ _ _ _ _ _ _ _ _ _ _ _ _ _ _ _ _ _\n\nself = <web.tests.test_cart.TestCartPage object at 0x00000263B8AB95D0>, chrome_driver = <selenium.webdriver.chrome.webdriver.WebDriver (session=\"942b2db6f6b013ab0f6a8891dca549b8\")>\nerror_message = AssertionError(\"Товар не добавлен в корзину\\nassert '1' == '2'\\n  \\n  - 2\\n  + 1\")\n\n    def handle_assertion_error(self, chrome_driver, error_message):\n        with allure.step(\"Поймали ошибку\"):\n            allure.attach(\n                chrome_driver.get_screenshot_as_png(),\n                name=\"screenshot.png\",\n                attachment_type=allure.attachment_type.PNG,\n            )\n>           raise AssertionError(error_message)\nE           AssertionError: Товар не добавлен в корзину\nE           assert '1' == '2'\nE             \nE             - 2\nE             + 1\n\nweb\\tests\\manager_test.py:14: AssertionError","flaky":false,"newFailed":false,"newBroken":false,"newPassed":false,"retriesCount":0,"retriesStatusChange":false,"beforeStages":[{"name":"chrome_driver","time":{"start":1711123017480,"stop":1711123018699,"duration":1219},"status":"passed","steps":[],"attachments":[],"parameters":[],"shouldDisplayMessage":false,"stepsCount":0,"attachmentsCount":0,"hasContent":false}],"testStage":{"status":"failed","statusMessage":"AssertionError: Товар не добавлен в корзину\nassert '1' == '2'\n  \n  - 2\n  + 1","statusTrace":"self = <web.tests.test_cart.TestCartPage object at 0x00000263B8AB95D0>, chrome_driver = <selenium.webdriver.chrome.webdriver.WebDriver (session=\"942b2db6f6b013ab0f6a8891dca549b8\")>\n\n    @allure.title(\"Успешное добавление товара в корзину\")\n    def test_add_to_cart(self, chrome_driver):\n        login_page = LoginPage(chrome_driver)\n        product_page = ProductPage(chrome_driver)\n        login_page.go_to_site()\n        login_page.login(Config.USERNAME, Config.PASSWORD)\n        product_page.add_product_to_cart()\n        try:\n>           assert (\n                product_page.find_element(\n                    (\"xpath\", \"//span[@class='shopping_cart_badge']\")\n                ).text\n                == \"2\"\n            ), \"Товар не добавлен в корзину\"\nE           AssertionError: Товар не добавлен в корзину\nE           assert '1' == '2'\nE             \nE             - 2\nE             + 1\n\nweb\\tests\\test_cart.py:21: AssertionError\n\nDuring handling of the above exception, another exception occurred:\n\nself = <web.tests.test_cart.TestCartPage object at 0x00000263B8AB95D0>, chrome_driver = <selenium.webdriver.chrome.webdriver.WebDriver (session=\"942b2db6f6b013ab0f6a8891dca549b8\")>\n\n    @allure.title(\"Успешное добавление товара в корзину\")\n    def test_add_to_cart(self, chrome_driver):\n        login_page = LoginPage(chrome_driver)\n        product_page = ProductPage(chrome_driver)\n        login_page.go_to_site()\n        login_page.login(Config.USERNAME, Config.PASSWORD)\n        product_page.add_product_to_cart()\n        try:\n            assert (\n                product_page.find_element(\n                    (\"xpath\", \"//span[@class='shopping_cart_badge']\")\n                ).text\n                == \"2\"\n            ), \"Товар не добавлен в корзину\"\n            chrome_driver.execute_script(\"window.localStorage.clear();\")\n        except AssertionError as e:\n>           self.handle_assertion_error(chrome_driver, e)\n\nweb\\tests\\test_cart.py:29: \n_ _ _ _ _ _ _ _ _ _ _ _ _ _ _ _ _ _ _ _ _ _ _ _ _ _ _ _ _ _ _ _ _ _ _ _ _ _ _ _ _ _ _ _ _ _ _ _ _ _ _ _ _ _ _ _ _ _ _ _ _ _ _ _ _ _ _ _ _ _ _ _ _ _ _ _ _ _ _ _ _ _ _ _ _ _ _ _ _ _ _ _ _ _ _ _ _ _ _ _ _ _ _ _ _ _ _ _ _ _ _ _ _ _ _ _ _ _ _ _ _ _ _ _ _ _ _ _ _ _\n\nself = <web.tests.test_cart.TestCartPage object at 0x00000263B8AB95D0>, chrome_driver = <selenium.webdriver.chrome.webdriver.WebDriver (session=\"942b2db6f6b013ab0f6a8891dca549b8\")>\nerror_message = AssertionError(\"Товар не добавлен в корзину\\nassert '1' == '2'\\n  \\n  - 2\\n  + 1\")\n\n    def handle_assertion_error(self, chrome_driver, error_message):\n        with allure.step(\"Поймали ошибку\"):\n            allure.attach(\n                chrome_driver.get_screenshot_as_png(),\n                name=\"screenshot.png\",\n                attachment_type=allure.attachment_type.PNG,\n            )\n>           raise AssertionError(error_message)\nE           AssertionError: Товар не добавлен в корзину\nE           assert '1' == '2'\nE             \nE             - 2\nE             + 1\n\nweb\\tests\\manager_test.py:14: AssertionError","steps":[{"name":"Ввод имени пользователя: standard_user","time":{"start":1711123019379,"stop":1711123019434,"duration":55},"status":"passed","steps":[{"name":"Click on ('xpath', \"//input[@id='user-name']\")","time":{"start":1711123019379,"stop":1711123019389,"duration":10},"status":"passed","steps":[],"attachments":[],"parameters":[],"shouldDisplayMessage":false,"stepsCount":0,"attachmentsCount":0,"hasContent":false}],"attachments":[],"parameters":[],"shouldDisplayMessage":false,"stepsCount":1,"attachmentsCount":0,"hasContent":true},{"name":"Ввод пароля: secret_sauce","time":{"start":1711123019434,"stop":1711123019474,"duration":40},"status":"passed","steps":[{"name":"Click on ('xpath', \"//input[@id='password']\")","time":{"start":1711123019434,"stop":1711123019442,"duration":8},"status":"passed","steps":[],"attachments":[],"parameters":[],"shouldDisplayMessage":false,"stepsCount":0,"attachmentsCount":0,"hasContent":false}],"attachments":[],"parameters":[],"shouldDisplayMessage":false,"stepsCount":1,"attachmentsCount":0,"hasContent":true},{"name":"Нажатие кнопки входа","time":{"start":1711123019474,"stop":1711123019534,"duration":60},"status":"passed","steps":[{"name":"Click on ('xpath', \"//input[@id='login-button']\")","time":{"start":1711123019474,"stop":1711123019481,"duration":7},"status":"passed","steps":[],"attachments":[],"parameters":[],"shouldDisplayMessage":false,"stepsCount":0,"attachmentsCount":0,"hasContent":false}],"attachments":[],"parameters":[],"shouldDisplayMessage":false,"stepsCount":1,"attachmentsCount":0,"hasContent":true},{"name":"Добавляем товар в корзину","time":{"start":1711123019534,"stop":1711123019564,"duration":30},"status":"passed","steps":[{"name":"Click on ('xpath', \"(//button[text()='Add to cart'])[1]\")","time":{"start":1711123019534,"stop":1711123019542,"duration":8},"status":"passed","steps":[],"attachments":[],"parameters":[],"shouldDisplayMessage":false,"stepsCount":0,"attachmentsCount":0,"hasContent":false}],"attachments":[],"parameters":[],"shouldDisplayMessage":false,"stepsCount":1,"attachmentsCount":0,"hasContent":true},{"name":"Click on ('xpath', \"//span[@class='shopping_cart_badge']\")","time":{"start":1711123019564,"stop":1711123019572,"duration":8},"status":"passed","steps":[],"attachments":[],"parameters":[],"shouldDisplayMessage":false,"stepsCount":0,"attachmentsCount":0,"hasContent":false},{"name":"Поймали ошибку","time":{"start":1711123019582,"stop":1711123019678,"duration":96},"status":"failed","statusMessage":"AssertionError: Товар не добавлен в корзину\nassert '1' == '2'\n  \n  - 2\n  + 1\n","statusTrace":"  File \"C:\\Dev\\python_selenium\\web\\tests\\manager_test.py\", line 14, in handle_assertion_error\n    raise AssertionError(error_message)\n","steps":[],"attachments":[{"uid":"6d70125378b35034","name":"screenshot.png","source":"6d70125378b35034.png","type":"image/png","size":65772}],"parameters":[],"shouldDisplayMessage":true,"stepsCount":0,"attachmentsCount":1,"hasContent":true}],"attachments":[],"parameters":[],"shouldDisplayMessage":true,"stepsCount":10,"attachmentsCount":1,"hasContent":true},"afterStages":[{"name":"chrome_driver::0","time":{"start":1711123030758,"stop":1711123032874,"duration":2116},"status":"passed","steps":[],"attachments":[],"parameters":[],"shouldDisplayMessage":false,"stepsCount":0,"attachmentsCount":0,"hasContent":false}],"labels":[{"name":"feature","value":"Работа с корзиной"},{"name":"suite","value":"Работа с корзиной"},{"name":"tag","value":"@pytest.mark.usefixtures('chrome_driver')"},{"name":"parentSuite","value":"web.tests"},{"name":"subSuite","value":"TestCartPage"},{"name":"host","value":"DESKTOP-AMCLGNE"},{"name":"thread","value":"14876-MainThread"},{"name":"framework","value":"pytest"},{"name":"language","value":"cpython3"},{"name":"package","value":"web.tests.test_cart"},{"name":"resultFormat","value":"allure2"}],"parameters":[],"links":[],"hidden":true,"retry":true,"extra":{"categories":[],"tags":["@pytest.mark.usefixtures('chrome_driver')"]},"source":"94d07737ef1d9c58.json","parameterValues":[]}