{"name": "Успешное добавление товара в корзину", "status": "failed", "statusDetails": {"message": "AssertionError: Товар не добавлен в корзину\nassert '1' == '2'\n  \n  - 2\n  + 1", "trace": "self = <web.tests.test_cart.TestCartPage object at 0x000001E90CDA14D0>, chrome_driver = <selenium.webdriver.chrome.webdriver.WebDriver (session=\"1f432e64d76ffa7d571366bd7ea5f2b1\")>\n\n    @allure.title(\"Успешное добавление товара в корзину\")\n    def test_add_to_cart(self, chrome_driver):\n        login_page = LoginPage(chrome_driver)\n        product_page = ProductPage(chrome_driver)\n        login_page.go_to_site()\n        login_page.login(Config.USERNAME, Config.PASSWORD)\n        product_page.add_product_to_cart()\n        try:\n>           assert (\n                product_page.find_element(\n                    (\"xpath\", \"//span[@class='shopping_cart_badge']\")\n                ).text\n                == \"2\"\n            ), \"Товар не добавлен в корзину\"\nE           AssertionError: Товар не добавлен в корзину\nE           assert '1' == '2'\nE             \nE             - 2\nE             + 1\n\nweb\\tests\\test_cart.py:21: AssertionError\n\nDuring handling of the above exception, another exception occurred:\n\nself = <web.tests.test_cart.TestCartPage object at 0x000001E90CDA14D0>, chrome_driver = <selenium.webdriver.chrome.webdriver.WebDriver (session=\"1f432e64d76ffa7d571366bd7ea5f2b1\")>\n\n    @allure.title(\"Успешное добавление товара в корзину\")\n    def test_add_to_cart(self, chrome_driver):\n        login_page = LoginPage(chrome_driver)\n        product_page = ProductPage(chrome_driver)\n        login_page.go_to_site()\n        login_page.login(Config.USERNAME, Config.PASSWORD)\n        product_page.add_product_to_cart()\n        try:\n            assert (\n                product_page.find_element(\n                    (\"xpath\", \"//span[@class='shopping_cart_badge']\")\n                ).text\n                == \"2\"\n            ), \"Товар не добавлен в корзину\"\n            product_page.driver.execute_script(\"window.localStorage.clear();\")\n        except AssertionError as e:\n>           self.handle_assertion_error(chrome_driver, e)\n\nweb\\tests\\test_cart.py:29: \n_ _ _ _ _ _ _ _ _ _ _ _ _ _ _ _ _ _ _ _ _ _ _ _ _ _ _ _ _ _ _ _ _ _ _ _ _ _ _ _ _ _ _ _ _ _ _ _ _ _ _ _ _ _ _ _ _ _ _ _ _ _ _ _ _ _ _ _ _ _ _ _ _ _ _ _ _ _ _ _ _ _ _ _ _ _ _ _ _ _ _ _ _ _ _ _ _ _ _ _ _ _ _ _ _ _ _ _ _ _ _ _ _ _ _ _ _ _ _ _ _ _ _ _ _ _ _ _ _ _\n\nself = <web.tests.test_cart.TestCartPage object at 0x000001E90CDA14D0>, chrome_driver = <selenium.webdriver.chrome.webdriver.WebDriver (session=\"1f432e64d76ffa7d571366bd7ea5f2b1\")>\nerror_message = AssertionError(\"Товар не добавлен в корзину\\nassert '1' == '2'\\n  \\n  - 2\\n  + 1\")\n\n    def handle_assertion_error(self, chrome_driver, error_message):\n        with allure.step(\"Поймали ошибку\"):\n            allure.attach(\n                chrome_driver.get_screenshot_as_png(),\n                name=\"screenshot.png\",\n                attachment_type=allure.attachment_type.PNG,\n            )\n>           raise AssertionError(error_message)\nE           AssertionError: Товар не добавлен в корзину\nE           assert '1' == '2'\nE             \nE             - 2\nE             + 1\n\nweb\\tests\\manager_test.py:14: AssertionError"}, "steps": [{"name": "Ввод имени пользователя: standard_user", "status": "passed", "steps": [{"name": "Click on ('xpath', \"//input[@id='user-name']\")", "status": "passed", "start": 1711122936921, "stop": 1711122936929}], "start": 1711122936921, "stop": 1711122936975}, {"name": "Ввод пароля: secret_sauce", "status": "passed", "steps": [{"name": "Click on ('xpath', \"//input[@id='password']\")", "status": "passed", "start": 1711122936975, "stop": 1711122936982}], "start": 1711122936975, "stop": 1711122937017}, {"name": "Нажатие кнопки входа", "status": "passed", "steps": [{"name": "Click on ('xpath', \"//input[@id='login-button']\")", "status": "passed", "start": 1711122937017, "stop": 1711122937026}], "start": 1711122937017, "stop": 1711122937082}, {"name": "Добавляем товар в корзину", "status": "passed", "steps": [{"name": "Click on ('xpath', \"(//button[text()='Add to cart'])[1]\")", "status": "passed", "start": 1711122937082, "stop": 1711122937090}], "start": 1711122937082, "stop": 1711122937116}, {"name": "Click on ('xpath', \"//span[@class='shopping_cart_badge']\")", "status": "passed", "start": 1711122937116, "stop": 1711122937124}, {"name": "Поймали ошибку", "status": "failed", "statusDetails": {"message": "AssertionError: Товар не добавлен в корзину\nassert '1' == '2'\n  \n  - 2\n  + 1\n", "trace": "  File \"C:\\Dev\\python_selenium\\web\\tests\\manager_test.py\", line 14, in handle_assertion_error\n    raise AssertionError(error_message)\n"}, "attachments": [{"name": "screenshot.png", "source": "6528c9cf-9859-40ba-b32e-a30c08073785-attachment.png", "type": "image/png"}], "start": 1711122937133, "stop": 1711122937304}], "start": 1711122936187, "stop": 1711122937305, "uuid": "9a75084c-97ef-4ab4-96c7-fa3a65c7e32c", "historyId": "372d59ffd5d2f5632326fe25ddd3e2b9", "testCaseId": "372d59ffd5d2f5632326fe25ddd3e2b9", "fullName": "web.tests.test_cart.TestCartPage#test_add_to_cart", "labels": [{"name": "suite", "value": "Работа с корзиной"}, {"name": "feature", "value": "Работа с корзиной"}, {"name": "tag", "value": "@pytest.mark.usefixtures('chrome_driver')"}, {"name": "parentSuite", "value": "web.tests"}, {"name": "subSuite", "value": "TestCartPage"}, {"name": "host", "value": "DESKTOP-AMCLGNE"}, {"name": "thread", "value": "19484-MainThread"}, {"name": "framework", "value": "pytest"}, {"name": "language", "value": "cpython3"}, {"name": "package", "value": "web.tests.test_cart"}]}