{"name": "Успешное добавление товара в корзину", "status": "failed", "statusDetails": {"message": "AssertionError: Товар не добавлен в корзину\nassert '1' == '2'\n  \n  - 2\n  + 1", "trace": "self = <web.tests.test_cart.TestCartPage object at 0x00000230AA3A7610>, chrome_driver = <selenium.webdriver.chrome.webdriver.WebDriver (session=\"9ced4f53503ffcddfd5c9c5c56317231\")>\n\n    @allure.title(\"Успешное добавление товара в корзину\")\n    def test_add_to_cart(self, chrome_driver):\n        login_page = LoginPage(chrome_driver)\n        product_page = ProductPage(chrome_driver)\n        login_page.go_to_site()\n        login_page.login(Config.USERNAME, Config.PASSWORD)\n        product_page.add_product_to_cart()\n        try:\n            assert chrome_driver.find_element(\"xpath\", \"//span[@class='shopping_cart_badge']\").text == '2', \"Товар не добавлен в корзину\"\n        except AssertionError as e:\n            with allure.step(\"Поймали ошибку\"):\n                allure.attach(\n                    chrome_driver.get_screenshot_as_png(),\n                    name=\"screenshot.png\",\n                    attachment_type=allure.attachment_type.PNG,\n                )\n>               raise e\n\nweb\\tests\\test_cart.py:28: \n_ _ _ _ _ _ _ _ _ _ _ _ _ _ _ _ _ _ _ _ _ _ _ _ _ _ _ _ _ _ _ _ _ _ _ _ _ _ _ _ _ _ _ _ _ _ _ _ _ _ _ _ _ _ _ _ _ _ _ _ _ _ _ _ _ _ _ _ _ _ _ _ _ _ _ _ _ _ _ _ _ _ _ _ _ _ _ _ _ _ _ _ _ _ _ _ _ _ _ _ _ _ _ _ _ _ _ _ _ _ _ _ _ _ _ _ _ _ _ _ _ _ _ _ _ _ _ _ _ _\n\nself = <web.tests.test_cart.TestCartPage object at 0x00000230AA3A7610>, chrome_driver = <selenium.webdriver.chrome.webdriver.WebDriver (session=\"9ced4f53503ffcddfd5c9c5c56317231\")>\n\n    @allure.title(\"Успешное добавление товара в корзину\")\n    def test_add_to_cart(self, chrome_driver):\n        login_page = LoginPage(chrome_driver)\n        product_page = ProductPage(chrome_driver)\n        login_page.go_to_site()\n        login_page.login(Config.USERNAME, Config.PASSWORD)\n        product_page.add_product_to_cart()\n        try:\n>           assert chrome_driver.find_element(\"xpath\", \"//span[@class='shopping_cart_badge']\").text == '2', \"Товар не добавлен в корзину\"\nE           AssertionError: Товар не добавлен в корзину\nE           assert '1' == '2'\nE             \nE             - 2\nE             + 1\n\nweb\\tests\\test_cart.py:20: AssertionError"}, "steps": [{"name": "Ввод имени пользователя: standard_user", "status": "passed", "steps": [{"name": "Click on ('xpath', \"//input[@id='user-name']\")", "status": "passed", "start": 1711116158875, "stop": 1711116158883}], "start": 1711116158875, "stop": 1711116158928}, {"name": "Ввод пароля: secret_sauce", "status": "passed", "steps": [{"name": "Click on ('xpath', \"//input[@id='password']\")", "status": "passed", "start": 1711116158928, "stop": 1711116158936}], "start": 1711116158928, "stop": 1711116158971}, {"name": "Нажатие кнопки входа", "status": "passed", "steps": [{"name": "Click on ('xpath', \"//input[@id='login-button']\")", "status": "passed", "start": 1711116158971, "stop": 1711116158980}], "start": 1711116158971, "stop": 1711116159035}, {"name": "Добавляем товар в корзину", "status": "passed", "steps": [{"name": "Click on ('xpath', \"(//button[text()='Add to cart'])[1]\")", "status": "passed", "start": 1711116159035, "stop": 1711116159046}], "start": 1711116159035, "stop": 1711116159072}, {"name": "Поймали ошибку", "status": "failed", "statusDetails": {"message": "AssertionError: Товар не добавлен в корзину\nassert '1' == '2'\n  \n  - 2\n  + 1\n", "trace": "  File \"C:\\Dev\\python_selenium\\web\\tests\\test_cart.py\", line 28, in test_add_to_cart\n    raise e\n  File \"C:\\Dev\\python_selenium\\web\\tests\\test_cart.py\", line 20, in test_add_to_cart\n    assert chrome_driver.find_element(\"xpath\", \"//span[@class='shopping_cart_badge']\").text == '2', \"Товар не добавлен в корзину\"\n"}, "attachments": [{"name": "screenshot.png", "source": "fea1965d-aa96-4066-a006-2d6c04fa22a9-attachment.png", "type": "image/png"}], "start": 1711116159091, "stop": 1711116159247}], "start": 1711116158240, "stop": 1711116159248, "uuid": "6c896cdf-1ca2-4335-b83b-7c195e02ebc8", "historyId": "372d59ffd5d2f5632326fe25ddd3e2b9", "testCaseId": "372d59ffd5d2f5632326fe25ddd3e2b9", "fullName": "web.tests.test_cart.TestCartPage#test_add_to_cart", "labels": [{"name": "suite", "value": "Работа с корзиной"}, {"name": "feature", "value": "Работа с корзиной"}, {"name": "tag", "value": "@pytest.mark.usefixtures('chrome_driver')"}, {"name": "parentSuite", "value": "web.tests"}, {"name": "subSuite", "value": "TestCartPage"}, {"name": "host", "value": "DESKTOP-AMCLGNE"}, {"name": "thread", "value": "24920-MainThread"}, {"name": "framework", "value": "pytest"}, {"name": "language", "value": "cpython3"}, {"name": "package", "value": "web.tests.test_cart"}]}