{"name": "test_remove_from_cart", "status": "broken", "statusDetails": {"message": "selenium.common.exceptions.NoSuchElementException: Message: no such element: Unable to locate element: {\"method\":\"xpath\",\"selector\":\"//span[@class='shopping_cart_badge']\"}\n  (Session info: chrome=122.0.6261.131); For documentation on this error, please visit: https://www.selenium.dev/documentation/webdriver/troubleshooting/errors#no-such-element-exception\nStacktrace:\n\tGetHandleVerifier [0x00007FF609A3AD02+56930]\n\t(No symbol) [0x00007FF6099AF602]\n\t(No symbol) [0x00007FF6098642E5]\n\t(No symbol) [0x00007FF6098A98ED]\n\t(No symbol) [0x00007FF6098A9A2C]\n\t(No symbol) [0x00007FF6098EA967]\n\t(No symbol) [0x00007FF6098CBCDF]\n\t(No symbol) [0x00007FF6098E81E2]\n\t(No symbol) [0x00007FF6098CBA43]\n\t(No symbol) [0x00007FF60989D438]\n\t(No symbol) [0x00007FF60989E4D1]\n\tGetHandleVerifier [0x00007FF609DB6F8D+3711213]\n\tGetHandleVerifier [0x00007FF609E104CD+4077101]\n\tGetHandleVerifier [0x00007FF609E0865F+4044735]\n\tGetHandleVerifier [0x00007FF609AD9736+706710]\n\t(No symbol) [0x00007FF6099BB8DF]\n\t(No symbol) [0x00007FF6099B6AC4]\n\t(No symbol) [0x00007FF6099B6C1C]\n\t(No symbol) [0x00007FF6099A68D4]\n\tBaseThreadInitThunk [0x00007FFA4D737344+20]\n\tRtlUserThreadStart [0x00007FFA4E9A26B1+33]", "trace": "self = <web.tests.test_cart.TestCartPage object at 0x000001ACA45D6010>, chrome_driver = <selenium.webdriver.chrome.webdriver.WebDriver (session=\"c9fe01544dbb41b89064f3107dfb86f7\")>\n\n    def test_remove_from_cart(self, chrome_driver):\n        login_page = LoginPage(chrome_driver)\n        product_page = ProductPage(chrome_driver)\n        login_page.go_to_site()\n        login_page.login(Config.USERNAME, Config.PASSWORD)\n        product_page.add_product_to_cart()\n        product_page.remove_product_from_cart()\n        try:\n>           assert (\n                product_page.invisibility_of_element_located((\"xpath\", \"//span[@class='shopping_cart_badge']\"), 10)\n            ), \"Товар не добавлен в корзину\"\n\nweb\\tests\\test_cart.py:39: \n_ _ _ _ _ _ _ _ _ _ _ _ _ _ _ _ _ _ _ _ _ _ _ _ _ _ _ _ _ _ _ _ _ _ _ _ _ _ _ _ _ _ _ _ _ _ _ _ _ _ _ _ _ _ _ _ _ _ _ _ _ _ _ _ _ _ _ _ _ _ _ _ _ _ _ _ _ _ _ _ _ _ _ _ _ _ _ _ _ _ _ _ _ _ _ _ _ _ _ _ _ _ _ _ _ _ _ _ _ _ _ _ _ _ _ _ _ _ _ _ _ _ _ _ _ _ _ _ _ _\nweb\\pages\\base_page.py:30: in invisibility_of_element_located\n    return WebDriverWait(self.driver, time).until(EC.invisibility_of_element(self.driver.find_element(*locator)), message=\"Element not found\")\n.venv\\Lib\\site-packages\\selenium\\webdriver\\remote\\webdriver.py:741: in find_element\n    return self.execute(Command.FIND_ELEMENT, {\"using\": by, \"value\": value})[\"value\"]\n.venv\\Lib\\site-packages\\selenium\\webdriver\\remote\\webdriver.py:347: in execute\n    self.error_handler.check_response(response)\n_ _ _ _ _ _ _ _ _ _ _ _ _ _ _ _ _ _ _ _ _ _ _ _ _ _ _ _ _ _ _ _ _ _ _ _ _ _ _ _ _ _ _ _ _ _ _ _ _ _ _ _ _ _ _ _ _ _ _ _ _ _ _ _ _ _ _ _ _ _ _ _ _ _ _ _ _ _ _ _ _ _ _ _ _ _ _ _ _ _ _ _ _ _ _ _ _ _ _ _ _ _ _ _ _ _ _ _ _ _ _ _ _ _ _ _ _ _ _ _ _ _ _ _ _ _ _ _ _ _\n\nself = <selenium.webdriver.remote.errorhandler.ErrorHandler object at 0x000001ACA45B2D90>\nresponse = {'status': 404, 'value': '{\"value\":{\"error\":\"no such element\",\"message\":\"no such element: Unable to locate element: {\\...07FF6099A68D4]\\\\n\\\\tBaseThreadInitThunk [0x00007FFA4D737344+20]\\\\n\\\\tRtlUserThreadStart [0x00007FFA4E9A26B1+33]\\\\n\"}}'}\n\n    def check_response(self, response: Dict[str, Any]) -> None:\n        \"\"\"Checks that a JSON response from the WebDriver does not have an\n        error.\n    \n        :Args:\n         - response - The JSON response from the WebDriver server as a dictionary\n           object.\n    \n        :Raises: If the response contains an error message.\n        \"\"\"\n        status = response.get(\"status\", None)\n        if not status or status == ErrorCode.SUCCESS:\n            return\n        value = None\n        message = response.get(\"message\", \"\")\n        screen: str = response.get(\"screen\", \"\")\n        stacktrace = None\n        if isinstance(status, int):\n            value_json = response.get(\"value\", None)\n            if value_json and isinstance(value_json, str):\n                import json\n    \n                try:\n                    value = json.loads(value_json)\n                    if len(value) == 1:\n                        value = value[\"value\"]\n                    status = value.get(\"error\", None)\n                    if not status:\n                        status = value.get(\"status\", ErrorCode.UNKNOWN_ERROR)\n                        message = value.get(\"value\") or value.get(\"message\")\n                        if not isinstance(message, str):\n                            value = message\n                            message = message.get(\"message\")\n                    else:\n                        message = value.get(\"message\", None)\n                except ValueError:\n                    pass\n    \n        exception_class: Type[WebDriverException]\n        e = ErrorCode()\n        error_codes = [item for item in dir(e) if not item.startswith(\"__\")]\n        for error_code in error_codes:\n            error_info = getattr(ErrorCode, error_code)\n            if isinstance(error_info, list) and status in error_info:\n                exception_class = getattr(ExceptionMapping, error_code, WebDriverException)\n                break\n        else:\n            exception_class = WebDriverException\n    \n        if not value:\n            value = response[\"value\"]\n        if isinstance(value, str):\n            raise exception_class(value)\n        if message == \"\" and \"message\" in value:\n            message = value[\"message\"]\n    \n        screen = None  # type: ignore[assignment]\n        if \"screen\" in value:\n            screen = value[\"screen\"]\n    \n        stacktrace = None\n        st_value = value.get(\"stackTrace\") or value.get(\"stacktrace\")\n        if st_value:\n            if isinstance(st_value, str):\n                stacktrace = st_value.split(\"\\n\")\n            else:\n                stacktrace = []\n                try:\n                    for frame in st_value:\n                        line = frame.get(\"lineNumber\", \"\")\n                        file = frame.get(\"fileName\", \"<anonymous>\")\n                        if line:\n                            file = f\"{file}:{line}\"\n                        meth = frame.get(\"methodName\", \"<anonymous>\")\n                        if \"className\" in frame:\n                            meth = f\"{frame['className']}.{meth}\"\n                        msg = \"    at %s (%s)\"\n                        msg = msg % (meth, file)\n                        stacktrace.append(msg)\n                except TypeError:\n                    pass\n        if exception_class == UnexpectedAlertPresentException:\n            alert_text = None\n            if \"data\" in value:\n                alert_text = value[\"data\"].get(\"text\")\n            elif \"alert\" in value:\n                alert_text = value[\"alert\"].get(\"text\")\n            raise exception_class(message, screen, stacktrace, alert_text)  # type: ignore[call-arg]  # mypy is not smart enough here\n>       raise exception_class(message, screen, stacktrace)\nE       selenium.common.exceptions.NoSuchElementException: Message: no such element: Unable to locate element: {\"method\":\"xpath\",\"selector\":\"//span[@class='shopping_cart_badge']\"}\nE         (Session info: chrome=122.0.6261.131); For documentation on this error, please visit: https://www.selenium.dev/documentation/webdriver/troubleshooting/errors#no-such-element-exception\nE       Stacktrace:\nE       \tGetHandleVerifier [0x00007FF609A3AD02+56930]\nE       \t(No symbol) [0x00007FF6099AF602]\nE       \t(No symbol) [0x00007FF6098642E5]\nE       \t(No symbol) [0x00007FF6098A98ED]\nE       \t(No symbol) [0x00007FF6098A9A2C]\nE       \t(No symbol) [0x00007FF6098EA967]\nE       \t(No symbol) [0x00007FF6098CBCDF]\nE       \t(No symbol) [0x00007FF6098E81E2]\nE       \t(No symbol) [0x00007FF6098CBA43]\nE       \t(No symbol) [0x00007FF60989D438]\nE       \t(No symbol) [0x00007FF60989E4D1]\nE       \tGetHandleVerifier [0x00007FF609DB6F8D+3711213]\nE       \tGetHandleVerifier [0x00007FF609E104CD+4077101]\nE       \tGetHandleVerifier [0x00007FF609E0865F+4044735]\nE       \tGetHandleVerifier [0x00007FF609AD9736+706710]\nE       \t(No symbol) [0x00007FF6099BB8DF]\nE       \t(No symbol) [0x00007FF6099B6AC4]\nE       \t(No symbol) [0x00007FF6099B6C1C]\nE       \t(No symbol) [0x00007FF6099A68D4]\nE       \tBaseThreadInitThunk [0x00007FFA4D737344+20]\nE       \tRtlUserThreadStart [0x00007FFA4E9A26B1+33]\n\n.venv\\Lib\\site-packages\\selenium\\webdriver\\remote\\errorhandler.py:229: NoSuchElementException"}, "steps": [{"name": "Ввод имени пользователя: standard_user", "status": "passed", "steps": [{"name": "Click on ('xpath', \"//input[@id='user-name']\")", "status": "passed", "start": 1711122480587, "stop": 1711122480594}], "start": 1711122480587, "stop": 1711122480629}, {"name": "Ввод пароля: secret_sauce", "status": "passed", "steps": [{"name": "Click on ('xpath', \"//input[@id='password']\")", "status": "passed", "start": 1711122480629, "stop": 1711122480634}], "start": 1711122480629, "stop": 1711122480665}, {"name": "Нажатие кнопки входа", "status": "passed", "steps": [{"name": "Click on ('xpath', \"//input[@id='login-button']\")", "status": "passed", "start": 1711122480665, "stop": 1711122480670}], "start": 1711122480665, "stop": 1711122480704}, {"name": "Добавляем товар в корзину", "status": "passed", "steps": [{"name": "Click on ('xpath', \"(//button[text()='Add to cart'])[1]\")", "status": "passed", "start": 1711122480704, "stop": 1711122480709}], "start": 1711122480704, "stop": 1711122480729}, {"name": "Click on ('xpath', \"//button[text()='Remove']\")", "status": "passed", "start": 1711122480729, "stop": 1711122480737}, {"name": "nono", "status": "broken", "statusDetails": {"message": "selenium.common.exceptions.NoSuchElementException: Message: no such element: Unable to locate element: {\"method\":\"xpath\",\"selector\":\"//span[@class='shopping_cart_badge']\"}\n  (Session info: chrome=122.0.6261.131); For documentation on this error, please visit: https://www.selenium.dev/documentation/webdriver/troubleshooting/errors#no-such-element-exception\nStacktrace:\n\tGetHandleVerifier [0x00007FF609A3AD02+56930]\n\t(No symbol) [0x00007FF6099AF602]\n\t(No symbol) [0x00007FF6098642E5]\n\t(No symbol) [0x00007FF6098A98ED]\n\t(No symbol) [0x00007FF6098A9A2C]\n\t(No symbol) [0x00007FF6098EA967]\n\t(No symbol) [0x00007FF6098CBCDF]\n\t(No symbol) [0x00007FF6098E81E2]\n\t(No symbol) [0x00007FF6098CBA43]\n\t(No symbol) [0x00007FF60989D438]\n\t(No symbol) [0x00007FF60989E4D1]\n\tGetHandleVerifier [0x00007FF609DB6F8D+3711213]\n\tGetHandleVerifier [0x00007FF609E104CD+4077101]\n\tGetHandleVerifier [0x00007FF609E0865F+4044735]\n\tGetHandleVerifier [0x00007FF609AD9736+706710]\n\t(No symbol) [0x00007FF6099BB8DF]\n\t(No symbol) [0x00007FF6099B6AC4]\n\t(No symbol) [0x00007FF6099B6C1C]\n\t(No symbol) [0x00007FF6099A68D4]\n\tBaseThreadInitThunk [0x00007FFA4D737344+20]\n\tRtlUserThreadStart [0x00007FFA4E9A26B1+33]\n\n", "trace": "  File \"C:\\Dev\\python_selenium\\web\\pages\\base_page.py\", line 30, in invisibility_of_element_located\n    return WebDriverWait(self.driver, time).until(EC.invisibility_of_element(self.driver.find_element(*locator)), message=\"Element not found\")\n                                                                             ^^^^^^^^^^^^^^^^^^^^^^^^^^^^^^^^^^\n  File \"C:\\Dev\\python_selenium\\.venv\\Lib\\site-packages\\selenium\\webdriver\\remote\\webdriver.py\", line 741, in find_element\n    return self.execute(Command.FIND_ELEMENT, {\"using\": by, \"value\": value})[\"value\"]\n           ^^^^^^^^^^^^^^^^^^^^^^^^^^^^^^^^^^^^^^^^^^^^^^^^^^^^^^^^^^^^^^^^^\n  File \"C:\\Dev\\python_selenium\\.venv\\Lib\\site-packages\\selenium\\webdriver\\remote\\webdriver.py\", line 347, in execute\n    self.error_handler.check_response(response)\n  File \"C:\\Dev\\python_selenium\\.venv\\Lib\\site-packages\\selenium\\webdriver\\remote\\errorhandler.py\", line 229, in check_response\n    raise exception_class(message, screen, stacktrace)\n"}, "start": 1711122480756, "stop": 1711122480761}], "start": 1711122480541, "stop": 1711122480762, "uuid": "50c18a3b-1a16-453a-b56b-8a5724aee414", "historyId": "be07a0b6f6e4060060920e7101683295", "testCaseId": "be07a0b6f6e4060060920e7101683295", "fullName": "web.tests.test_cart.TestCartPage#test_remove_from_cart", "labels": [{"name": "suite", "value": "Работа с корзиной"}, {"name": "feature", "value": "Работа с корзиной"}, {"name": "tag", "value": "@pytest.mark.usefixtures('chrome_driver')"}, {"name": "parentSuite", "value": "web.tests"}, {"name": "subSuite", "value": "TestCartPage"}, {"name": "host", "value": "DESKTOP-AMCLGNE"}, {"name": "thread", "value": "6020-MainThread"}, {"name": "framework", "value": "pytest"}, {"name": "language", "value": "cpython3"}, {"name": "package", "value": "web.tests.test_cart"}]}