{"name": "Успешное добавление товара в корзину", "status": "broken", "statusDetails": {"message": "AttributeError: 'WebDriver' object has no attribute 'handle_assertion_error'", "trace": "self = <web.tests.test_cart.TestCartPage object at 0x000001B3FBBA6650>, chrome_driver = <selenium.webdriver.chrome.webdriver.WebDriver (session=\"447591d0f6b410cd0f659fdd12ecc53c\")>\n\n    @allure.title(\"Успешное добавление товара в корзину\")\n    def test_add_to_cart(self, chrome_driver):\n        login_page = LoginPage(chrome_driver)\n        product_page = ProductPage(chrome_driver)\n        login_page.go_to_site()\n        login_page.login(Config.USERNAME, Config.PASSWORD)\n        product_page.add_product_to_cart()\n        try:\n>           assert (\n                chrome_driver.find_element(\n                    \"xpath\", \"//span[@class='shopping_cart_badge']\"\n                ).text\n                == \"2\"\n            ), \"Товар не добавлен в корзину\"\nE           AssertionError: Товар не добавлен в корзину\nE           assert '1' == '2'\nE             \nE             - 2\nE             + 1\n\nweb\\tests\\test_cart.py:20: AssertionError\n\nDuring handling of the above exception, another exception occurred:\n\nself = <web.tests.test_cart.TestCartPage object at 0x000001B3FBBA6650>, chrome_driver = <selenium.webdriver.chrome.webdriver.WebDriver (session=\"447591d0f6b410cd0f659fdd12ecc53c\")>\n\n    @allure.title(\"Успешное добавление товара в корзину\")\n    def test_add_to_cart(self, chrome_driver):\n        login_page = LoginPage(chrome_driver)\n        product_page = ProductPage(chrome_driver)\n        login_page.go_to_site()\n        login_page.login(Config.USERNAME, Config.PASSWORD)\n        product_page.add_product_to_cart()\n        try:\n            assert (\n                chrome_driver.find_element(\n                    \"xpath\", \"//span[@class='shopping_cart_badge']\"\n                ).text\n                == \"2\"\n            ), \"Товар не добавлен в корзину\"\n        except AssertionError as e:\n>           chrome_driver.handle_assertion_error('гы')\nE           AttributeError: 'WebDriver' object has no attribute 'handle_assertion_error'\n\nweb\\tests\\test_cart.py:27: AttributeError"}, "steps": [{"name": "Ввод имени пользователя: standard_user", "status": "passed", "steps": [{"name": "Click on ('xpath', \"//input[@id='user-name']\")", "status": "passed", "start": 1711117028274, "stop": 1711117028283}], "start": 1711117028274, "stop": 1711117028330}, {"name": "Ввод пароля: secret_sauce", "status": "passed", "steps": [{"name": "Click on ('xpath', \"//input[@id='password']\")", "status": "passed", "start": 1711117028330, "stop": 1711117028338}], "start": 1711117028330, "stop": 1711117028376}, {"name": "Нажатие кнопки входа", "status": "passed", "steps": [{"name": "Click on ('xpath', \"//input[@id='login-button']\")", "status": "passed", "start": 1711117028376, "stop": 1711117028384}], "start": 1711117028376, "stop": 1711117028441}, {"name": "Добавляем товар в корзину", "status": "passed", "steps": [{"name": "Click on ('xpath', \"(//button[text()='Add to cart'])[1]\")", "status": "passed", "start": 1711117028441, "stop": 1711117028450}], "start": 1711117028441, "stop": 1711117028475}], "start": 1711117027435, "stop": 1711117028492, "uuid": "6cbd6564-b791-4038-a2c6-6225053ba723", "historyId": "372d59ffd5d2f5632326fe25ddd3e2b9", "testCaseId": "372d59ffd5d2f5632326fe25ddd3e2b9", "fullName": "web.tests.test_cart.TestCartPage#test_add_to_cart", "labels": [{"name": "suite", "value": "Работа с корзиной"}, {"name": "feature", "value": "Работа с корзиной"}, {"name": "tag", "value": "@pytest.mark.usefixtures('chrome_driver')"}, {"name": "parentSuite", "value": "web.tests"}, {"name": "subSuite", "value": "TestCartPage"}, {"name": "host", "value": "DESKTOP-AMCLGNE"}, {"name": "thread", "value": "308-MainThread"}, {"name": "framework", "value": "pytest"}, {"name": "language", "value": "cpython3"}, {"name": "package", "value": "web.tests.test_cart"}]}