{"name": "Успешное добавление товара в корзину", "status": "failed", "statusDetails": {"message": "AssertionError: Товар не добавлен в корзину\nassert '1' == '2'\n  \n  - 2\n  + 1", "trace": "self = <web.tests.test_cart.TestCartPage object at 0x00000262A2609910>, chrome_driver = <selenium.webdriver.chrome.webdriver.WebDriver (session=\"6215e03fe97d47b786a1776180c8f3a1\")>\n\n    @allure.title(\"Успешное добавление товара в корзину\")\n    def test_add_to_cart(self, chrome_driver):\n        login_page = LoginPage(chrome_driver)\n        product_page = ProductPage(chrome_driver)\n        login_page.go_to_site()\n        login_page.login(Config.USERNAME, Config.PASSWORD)\n        product_page.add_product_to_cart()\n        try:\n>           assert (\n                product_page.find_element(\n                    (\"xpath\", \"//span[@class='shopping_cart_badge']\")\n                ).text\n                == \"2\"\n            ), \"Товар не добавлен в корзину\"\nE           AssertionError: Товар не добавлен в корзину\nE           assert '1' == '2'\nE             \nE             - 2\nE             + 1\n\nweb\\tests\\test_cart.py:21: AssertionError\n\nDuring handling of the above exception, another exception occurred:\n\nself = <web.tests.test_cart.TestCartPage object at 0x00000262A2609910>, chrome_driver = <selenium.webdriver.chrome.webdriver.WebDriver (session=\"6215e03fe97d47b786a1776180c8f3a1\")>\n\n    @allure.title(\"Успешное добавление товара в корзину\")\n    def test_add_to_cart(self, chrome_driver):\n        login_page = LoginPage(chrome_driver)\n        product_page = ProductPage(chrome_driver)\n        login_page.go_to_site()\n        login_page.login(Config.USERNAME, Config.PASSWORD)\n        product_page.add_product_to_cart()\n        try:\n            assert (\n                product_page.find_element(\n                    (\"xpath\", \"//span[@class='shopping_cart_badge']\")\n                ).text\n                == \"2\"\n            ), \"Товар не добавлен в корзину\"\n            product_page.driver.execute_script(\"window.localStorage.clear();\")\n        except AssertionError as e:\n>           self.handle_assertion_error(chrome_driver, e)\n\nweb\\tests\\test_cart.py:29: \n_ _ _ _ _ _ _ _ _ _ _ _ _ _ _ _ _ _ _ _ _ _ _ _ _ _ _ _ _ _ _ _ _ _ _ _ _ _ _ _ _ _ _ _ _ _ _ _ _ _ _ _ _ _ _ _ _ _ _ _ _ _ _ _ _ _ _ _ _ _ _ _ _ _ _ _ _ _ _ _ _ _ _ _ _ _ _ _ _ _ _ _ _ _ _ _ _ _ _ _ _ _ _ _ _ _ _ _ _ _ _ _ _ _ _ _ _ _ _ _ _ _ _ _ _ _ _ _ _ _\n\nself = <web.tests.test_cart.TestCartPage object at 0x00000262A2609910>, chrome_driver = <selenium.webdriver.chrome.webdriver.WebDriver (session=\"6215e03fe97d47b786a1776180c8f3a1\")>\nerror_message = AssertionError(\"Товар не добавлен в корзину\\nassert '1' == '2'\\n  \\n  - 2\\n  + 1\")\n\n    def handle_assertion_error(self, chrome_driver, error_message):\n        with allure.step(\"Поймали ошибку\"):\n            allure.attach(\n                chrome_driver.get_screenshot_as_png(),\n                name=\"screenshot.png\",\n                attachment_type=allure.attachment_type.PNG,\n            )\n>           raise AssertionError(error_message)\nE           AssertionError: Товар не добавлен в корзину\nE           assert '1' == '2'\nE             \nE             - 2\nE             + 1\n\nweb\\tests\\manager_test.py:14: AssertionError"}, "steps": [{"name": "Ввод имени пользователя: standard_user", "status": "passed", "steps": [{"name": "Click on ('xpath', \"//input[@id='user-name']\")", "status": "passed", "start": 1711122997588, "stop": 1711122997597}], "start": 1711122997588, "stop": 1711122997643}, {"name": "Ввод пароля: secret_sauce", "status": "passed", "steps": [{"name": "Click on ('xpath', \"//input[@id='password']\")", "status": "passed", "start": 1711122997643, "stop": 1711122997650}], "start": 1711122997643, "stop": 1711122997687}, {"name": "Нажатие кнопки входа", "status": "passed", "steps": [{"name": "Click on ('xpath', \"//input[@id='login-button']\")", "status": "passed", "start": 1711122997687, "stop": 1711122997694}], "start": 1711122997687, "stop": 1711122997749}, {"name": "Добавляем товар в корзину", "status": "passed", "steps": [{"name": "Click on ('xpath', \"(//button[text()='Add to cart'])[1]\")", "status": "passed", "start": 1711122997749, "stop": 1711122997757}], "start": 1711122997749, "stop": 1711122997780}, {"name": "Click on ('xpath', \"//span[@class='shopping_cart_badge']\")", "status": "passed", "start": 1711122997780, "stop": 1711122997788}, {"name": "Поймали ошибку", "status": "failed", "statusDetails": {"message": "AssertionError: Товар не добавлен в корзину\nassert '1' == '2'\n  \n  - 2\n  + 1\n", "trace": "  File \"C:\\Dev\\python_selenium\\web\\tests\\manager_test.py\", line 14, in handle_assertion_error\n    raise AssertionError(error_message)\n"}, "attachments": [{"name": "screenshot.png", "source": "17958f2a-f187-432e-9e56-e0c366d8c0bf-attachment.png", "type": "image/png"}], "start": 1711122997800, "stop": 1711122997974}], "start": 1711122996948, "stop": 1711122997975, "uuid": "f03eac73-609f-465e-ba46-79bc692e24c8", "historyId": "372d59ffd5d2f5632326fe25ddd3e2b9", "testCaseId": "372d59ffd5d2f5632326fe25ddd3e2b9", "fullName": "web.tests.test_cart.TestCartPage#test_add_to_cart", "labels": [{"name": "feature", "value": "Работа с корзиной"}, {"name": "suite", "value": "Работа с корзиной"}, {"name": "tag", "value": "@pytest.mark.usefixtures('chrome_driver')"}, {"name": "parentSuite", "value": "web.tests"}, {"name": "subSuite", "value": "TestCartPage"}, {"name": "host", "value": "DESKTOP-AMCLGNE"}, {"name": "thread", "value": "6680-MainThread"}, {"name": "framework", "value": "pytest"}, {"name": "language", "value": "cpython3"}, {"name": "package", "value": "web.tests.test_cart"}]}