{"name": "test_remove_from_cart", "status": "broken", "statusDetails": {"message": "selenium.common.exceptions.TimeoutException: Message: Element not found", "trace": "self = <web.tests.test_cart.TestCartPage object at 0x0000022E99A56650>, chrome_driver = <selenium.webdriver.chrome.webdriver.WebDriver (session=\"052005e9b8eb86a3440cb3e6a35f68c3\")>\n\n    def test_remove_from_cart(self, chrome_driver):\n        login_page = LoginPage(chrome_driver)\n        product_page = ProductPage(chrome_driver)\n        login_page.go_to_site()\n        login_page.login(Config.USERNAME, Config.PASSWORD)\n        product_page.add_product_to_cart()\n        product_page.remove_product_from_cart()\n        try:\n>           assert (\n                product_page.invisibility_of_element_located((\"xpath\", \"//span[@class='shopping_cart_badge']\"), 10)\n            ), \"Корзина не пустая\"\n\nweb\\tests\\test_cart.py:39: \n_ _ _ _ _ _ _ _ _ _ _ _ _ _ _ _ _ _ _ _ _ _ _ _ _ _ _ _ _ _ _ _ _ _ _ _ _ _ _ _ _ _ _ _ _ _ _ _ _ _ _ _ _ _ _ _ _ _ _ _ _ _ _ _ _ _ _ _ _ _ _ _ _ _ _ _ _ _ _ _ _ _ _ _ _ _ _ _ _ _ _ _ _ _ _ _ _ _ _ _ _ _ _ _ _ _ _ _ _ _ _ _ _ _ _ _ _ _ _ _ _ _ _ _ _ _ _ _ _ _\nweb\\pages\\base_page.py:30: in invisibility_of_element_located\n    return WebDriverWait(self.driver, time).until(EC.invisibility_of_element_located(locator), message=\"Element not found\")\n_ _ _ _ _ _ _ _ _ _ _ _ _ _ _ _ _ _ _ _ _ _ _ _ _ _ _ _ _ _ _ _ _ _ _ _ _ _ _ _ _ _ _ _ _ _ _ _ _ _ _ _ _ _ _ _ _ _ _ _ _ _ _ _ _ _ _ _ _ _ _ _ _ _ _ _ _ _ _ _ _ _ _ _ _ _ _ _ _ _ _ _ _ _ _ _ _ _ _ _ _ _ _ _ _ _ _ _ _ _ _ _ _ _ _ _ _ _ _ _ _ _ _ _ _ _ _ _ _ _\n\nself = <selenium.webdriver.support.wait.WebDriverWait (session=\"052005e9b8eb86a3440cb3e6a35f68c3\")>, method = <function invisibility_of_element_located.<locals>._predicate at 0x0000022E99A78D60>, message = 'Element not found'\n\n    def until(self, method: Callable[[D], Union[Literal[False], T]], message: str = \"\") -> T:\n        \"\"\"Calls the method provided with the driver as an argument until the \\\n        return value does not evaluate to ``False``.\n    \n        :param method: callable(WebDriver)\n        :param message: optional message for :exc:`TimeoutException`\n        :returns: the result of the last call to `method`\n        :raises: :exc:`selenium.common.exceptions.TimeoutException` if timeout occurs\n        \"\"\"\n        screen = None\n        stacktrace = None\n    \n        end_time = time.monotonic() + self._timeout\n        while True:\n            try:\n                value = method(self._driver)\n                if value:\n                    return value\n            except self._ignored_exceptions as exc:\n                screen = getattr(exc, \"screen\", None)\n                stacktrace = getattr(exc, \"stacktrace\", None)\n            time.sleep(self._poll)\n            if time.monotonic() > end_time:\n                break\n>       raise TimeoutException(message, screen, stacktrace)\nE       selenium.common.exceptions.TimeoutException: Message: Element not found\n\n.venv\\Lib\\site-packages\\selenium\\webdriver\\support\\wait.py:105: TimeoutException"}, "steps": [{"name": "Ввод имени пользователя: standard_user", "status": "passed", "steps": [{"name": "Click on ('xpath', \"//input[@id='user-name']\")", "status": "passed", "start": 1711122891702, "stop": 1711122891706}], "start": 1711122891702, "stop": 1711122891742}, {"name": "Ввод пароля: secret_sauce", "status": "passed", "steps": [{"name": "Click on ('xpath', \"//input[@id='password']\")", "status": "passed", "start": 1711122891742, "stop": 1711122891747}], "start": 1711122891742, "stop": 1711122891778}, {"name": "Нажатие кнопки входа", "status": "passed", "steps": [{"name": "Click on ('xpath', \"//input[@id='login-button']\")", "status": "passed", "start": 1711122891778, "stop": 1711122891783}], "start": 1711122891778, "stop": 1711122891830}, {"name": "Добавляем товар в корзину", "status": "passed", "steps": [{"name": "Click on ('xpath', \"(//button[text()='Add to cart'])[1]\")", "status": "passed", "start": 1711122891831, "stop": 1711122891836}], "start": 1711122891830, "stop": 1711122891858}, {"name": "Click on ('xpath', \"//button[text()='Remove']\")", "status": "passed", "start": 1711122891858, "stop": 1711122891865}, {"name": "nono", "status": "broken", "statusDetails": {"message": "selenium.common.exceptions.TimeoutException: Message: Element not found\n\n", "trace": "  File \"C:\\Dev\\python_selenium\\web\\pages\\base_page.py\", line 30, in invisibility_of_element_located\n    return WebDriverWait(self.driver, time).until(EC.invisibility_of_element_located(locator), message=\"Element not found\")\n           ^^^^^^^^^^^^^^^^^^^^^^^^^^^^^^^^^^^^^^^^^^^^^^^^^^^^^^^^^^^^^^^^^^^^^^^^^^^^^^^^^^^^^^^^^^^^^^^^^^^^^^^^^^^^^^^^\n  File \"C:\\Dev\\python_selenium\\.venv\\Lib\\site-packages\\selenium\\webdriver\\support\\wait.py\", line 105, in until\n    raise TimeoutException(message, screen, stacktrace)\n"}, "start": 1711122891883, "stop": 1711122902324}], "start": 1711122891655, "stop": 1711122902327, "uuid": "95952ead-c672-4f0e-9bff-5d71461766d7", "historyId": "be07a0b6f6e4060060920e7101683295", "testCaseId": "be07a0b6f6e4060060920e7101683295", "fullName": "web.tests.test_cart.TestCartPage#test_remove_from_cart", "labels": [{"name": "suite", "value": "Работа с корзиной"}, {"name": "feature", "value": "Работа с корзиной"}, {"name": "tag", "value": "@pytest.mark.usefixtures('chrome_driver')"}, {"name": "parentSuite", "value": "web.tests"}, {"name": "subSuite", "value": "TestCartPage"}, {"name": "host", "value": "DESKTOP-AMCLGNE"}, {"name": "thread", "value": "24864-MainThread"}, {"name": "framework", "value": "pytest"}, {"name": "language", "value": "cpython3"}, {"name": "package", "value": "web.tests.test_cart"}]}